		g3log created log at: Wed Apr 26 09:45:19 2023
		LOG format: [YYYY/MM/DD hh:mm:ss uuu* LEVEL FILE->FUNCTION:LINE] messagen
		(uuu*: microseconds fractions of the seconds value)

2023/04/26 09:45:19 998238	INFO [python_manager.cpp->PythonManager::InitializePython:127]	Initializing Python ... 
2023/04/26 09:45:20 017441	INFO [python_manager.cpp->PythonManager::InitializePython:129]	Initializing Python DONE... 
2023/04/26 09:45:20 017449	INFO [python_manager.cpp->PythonManager::InitNumpy:172]	Init numpy... 
2023/04/26 09:45:20 130310	INFO [python_manager.cpp->PythonManager::InitNumpy:174]	Init numpy DONE... 
2023/04/26 09:47:09 310793	INFO [python_manager.cpp->PythonManager::Death:637]	Death()
2023/04/26 09:53:54 310454	WARNING [serialize_helper.cpp->SerializeHelper::Serialize:450]	Matrix has no field "matrix_data" or no correct dimensions
2023/04/26 09:53:54 451049	WARNING [serialize_helper.cpp->SerializeHelper::Serialize:450]	Matrix has no field "matrix_data" or no correct dimensions
2023/04/26 09:53:54 516304	WARNING [serialize_helper.cpp->SerializeHelper::Serialize:450]	Matrix has no field "matrix_data" or no correct dimensions
2023/04/26 09:53:54 790444	WARNING [serialize_helper.cpp->SerializeHelper::Serialize:450]	Matrix has no field "matrix_data" or no correct dimensions
2023/04/26 09:53:54 897410	WARNING [serialize_helper.cpp->SerializeHelper::Serialize:450]	Matrix has no field "matrix_data" or no correct dimensions
2023/04/26 09:53:55 052746	WARNING [serialize_helper.cpp->SerializeHelper::Serialize:450]	Matrix has no field "matrix_data" or no correct dimensions
2023/04/26 09:53:55 256653	WARNING [serialize_helper.cpp->SerializeHelper::Serialize:450]	Matrix has no field "matrix_data" or no correct dimensions
2023/04/26 09:53:58 746369	WARNING [serialize_helper.cpp->SerializeHelper::Serialize:450]	Matrix has no field "matrix_data" or no correct dimensions
2023/04/26 09:53:58 894955	WARNING [serialize_helper.cpp->SerializeHelper::Serialize:450]	Matrix has no field "matrix_data" or no correct dimensions
2023/04/26 09:53:59 157859	WARNING [serialize_helper.cpp->SerializeHelper::Serialize:450]	Matrix has no field "matrix_data" or no correct dimensions
2023/04/26 09:53:59 306153	WARNING [serialize_helper.cpp->SerializeHelper::Serialize:450]	Matrix has no field "matrix_data" or no correct dimensions
2023/04/26 09:53:59 330407	WARNING [serialize_helper.cpp->SerializeHelper::Serialize:450]	Matrix has no field "matrix_data" or no correct dimensions
2023/04/26 09:53:59 423290	WARNING [serialize_helper.cpp->SerializeHelper::Serialize:450]	Matrix has no field "matrix_data" or no correct dimensions
2023/04/26 09:53:59 534519	WARNING [serialize_helper.cpp->SerializeHelper::Serialize:450]	Matrix has no field "matrix_data" or no correct dimensions
2023/04/26 09:53:59 658335	WARNING [serialize_helper.cpp->SerializeHelper::Serialize:450]	Matrix has no field "matrix_data" or no correct dimensions
2023/04/26 09:53:59 813469	WARNING [serialize_helper.cpp->SerializeHelper::Serialize:450]	Matrix has no field "matrix_data" or no correct dimensions
2023/04/26 09:53:59 975577	WARNING [serialize_helper.cpp->SerializeHelper::Serialize:450]	Matrix has no field "matrix_data" or no correct dimensions
2023/04/26 09:54:00 015505	WARNING [serialize_helper.cpp->SerializeHelper::Serialize:450]	Matrix has no field "matrix_data" or no correct dimensions
2023/04/26 09:54:00 153452	WARNING [serialize_helper.cpp->SerializeHelper::Serialize:450]	Matrix has no field "matrix_data" or no correct dimensions
2023/04/26 09:54:00 408461	WARNING [serialize_helper.cpp->SerializeHelper::Serialize:450]	Matrix has no field "matrix_data" or no correct dimensions
2023/04/26 09:54:00 572767	WARNING [serialize_helper.cpp->SerializeHelper::Serialize:450]	Matrix has no field "matrix_data" or no correct dimensions
2023/04/26 09:54:00 573562	WARNING [serialize_helper.cpp->SerializeHelper::Serialize:450]	Matrix has no field "matrix_data" or no correct dimensions
2023/04/26 09:54:00 708831	WARNING [serialize_helper.cpp->SerializeHelper::Serialize:450]	Matrix has no field "matrix_data" or no correct dimensions
2023/04/26 09:54:00 889135	WARNING [serialize_helper.cpp->SerializeHelper::Serialize:450]	Matrix has no field "matrix_data" or no correct dimensions
2023/04/26 09:54:40 635355	INFO [python_manager.cpp->PythonManager::Death:637]	Death()
2023/04/26 09:56:05 067653	WARNING [serialize_helper.cpp->SerializeHelper::Serialize:450]	Matrix has no field "matrix_data" or no correct dimensions
2023/04/26 09:56:05 257959	WARNING [serialize_helper.cpp->SerializeHelper::Serialize:450]	Matrix has no field "matrix_data" or no correct dimensions
2023/04/26 09:56:05 334640	WARNING [serialize_helper.cpp->SerializeHelper::Serialize:450]	Matrix has no field "matrix_data" or no correct dimensions
2023/04/26 09:56:05 419480	WARNING [serialize_helper.cpp->SerializeHelper::Serialize:450]	Matrix has no field "matrix_data" or no correct dimensions
2023/04/26 09:56:05 655292	WARNING [serialize_helper.cpp->SerializeHelper::Serialize:450]	Matrix has no field "matrix_data" or no correct dimensions
2023/04/26 09:56:05 740824	WARNING [serialize_helper.cpp->SerializeHelper::Serialize:450]	Matrix has no field "matrix_data" or no correct dimensions
2023/04/26 09:56:05 741494	WARNING [serialize_helper.cpp->SerializeHelper::Serialize:450]	Matrix has no field "matrix_data" or no correct dimensions
2023/04/26 09:56:05 952865	WARNING [serialize_helper.cpp->SerializeHelper::Serialize:450]	Matrix has no field "matrix_data" or no correct dimensions
2023/04/26 09:56:06 043238	WARNING [serialize_helper.cpp->SerializeHelper::Serialize:450]	Matrix has no field "matrix_data" or no correct dimensions
2023/04/26 09:56:06 167034	WARNING [serialize_helper.cpp->SerializeHelper::Serialize:450]	Matrix has no field "matrix_data" or no correct dimensions
2023/04/26 09:56:06 297145	WARNING [serialize_helper.cpp->SerializeHelper::Serialize:450]	Matrix has no field "matrix_data" or no correct dimensions
2023/04/26 09:56:06 338859	WARNING [serialize_helper.cpp->SerializeHelper::Serialize:450]	Matrix has no field "matrix_data" or no correct dimensions
2023/04/26 09:56:06 518378	WARNING [serialize_helper.cpp->SerializeHelper::Serialize:450]	Matrix has no field "matrix_data" or no correct dimensions
2023/04/26 09:56:06 595927	WARNING [serialize_helper.cpp->SerializeHelper::Serialize:450]	Matrix has no field "matrix_data" or no correct dimensions
2023/04/26 09:56:06 789679	WARNING [serialize_helper.cpp->SerializeHelper::Serialize:450]	Matrix has no field "matrix_data" or no correct dimensions
2023/04/26 09:56:06 873262	WARNING [serialize_helper.cpp->SerializeHelper::Serialize:450]	Matrix has no field "matrix_data" or no correct dimensions
2023/04/26 09:56:06 913514	WARNING [serialize_helper.cpp->SerializeHelper::Serialize:450]	Matrix has no field "matrix_data" or no correct dimensions
2023/04/26 09:56:07 100075	WARNING [serialize_helper.cpp->SerializeHelper::Serialize:450]	Matrix has no field "matrix_data" or no correct dimensions
2023/04/26 09:56:07 166679	WARNING [serialize_helper.cpp->SerializeHelper::Serialize:450]	Matrix has no field "matrix_data" or no correct dimensions
2023/04/26 09:56:07 354518	WARNING [serialize_helper.cpp->SerializeHelper::Serialize:450]	Matrix has no field "matrix_data" or no correct dimensions
2023/04/26 09:56:07 553607	WARNING [serialize_helper.cpp->SerializeHelper::Serialize:450]	Matrix has no field "matrix_data" or no correct dimensions
2023/04/26 09:56:07 809173	WARNING [serialize_helper.cpp->SerializeHelper::Serialize:450]	Matrix has no field "matrix_data" or no correct dimensions
2023/04/26 09:56:07 853551	WARNING [serialize_helper.cpp->SerializeHelper::Serialize:450]	Matrix has no field "matrix_data" or no correct dimensions
2023/04/26 09:56:08 023102	WARNING [serialize_helper.cpp->SerializeHelper::Serialize:450]	Matrix has no field "matrix_data" or no correct dimensions
2023/04/26 09:56:08 095390	WARNING [serialize_helper.cpp->SerializeHelper::Serialize:450]	Matrix has no field "matrix_data" or no correct dimensions
2023/04/26 09:56:08 183420	WARNING [serialize_helper.cpp->SerializeHelper::Serialize:450]	Matrix has no field "matrix_data" or no correct dimensions
2023/04/26 09:56:08 430231	WARNING [serialize_helper.cpp->SerializeHelper::Serialize:450]	Matrix has no field "matrix_data" or no correct dimensions
2023/04/26 09:56:08 488041	WARNING [serialize_helper.cpp->SerializeHelper::Serialize:450]	Matrix has no field "matrix_data" or no correct dimensions
2023/04/26 09:56:08 594939	WARNING [serialize_helper.cpp->SerializeHelper::Serialize:450]	Matrix has no field "matrix_data" or no correct dimensions
2023/04/26 09:56:08 816467	WARNING [serialize_helper.cpp->SerializeHelper::Serialize:450]	Matrix has no field "matrix_data" or no correct dimensions
2023/04/26 09:56:08 881919	WARNING [serialize_helper.cpp->SerializeHelper::Serialize:450]	Matrix has no field "matrix_data" or no correct dimensions
2023/04/26 09:56:08 927370	WARNING [serialize_helper.cpp->SerializeHelper::Serialize:450]	Matrix has no field "matrix_data" or no correct dimensions
2023/04/26 09:56:09 076151	WARNING [serialize_helper.cpp->SerializeHelper::Serialize:450]	Matrix has no field "matrix_data" or no correct dimensions
2023/04/26 09:56:09 132014	WARNING [serialize_helper.cpp->SerializeHelper::Serialize:450]	Matrix has no field "matrix_data" or no correct dimensions
2023/04/26 09:56:09 241366	WARNING [serialize_helper.cpp->SerializeHelper::Serialize:450]	Matrix has no field "matrix_data" or no correct dimensions
2023/04/26 09:56:09 430052	WARNING [serialize_helper.cpp->SerializeHelper::Serialize:450]	Matrix has no field "matrix_data" or no correct dimensions
2023/04/26 09:56:09 567785	WARNING [serialize_helper.cpp->SerializeHelper::Serialize:450]	Matrix has no field "matrix_data" or no correct dimensions
2023/04/26 09:56:09 661644	WARNING [serialize_helper.cpp->SerializeHelper::Serialize:450]	Matrix has no field "matrix_data" or no correct dimensions
2023/04/26 09:56:09 883063	WARNING [serialize_helper.cpp->SerializeHelper::Serialize:450]	Matrix has no field "matrix_data" or no correct dimensions
2023/04/26 09:56:09 935101	WARNING [serialize_helper.cpp->SerializeHelper::Serialize:450]	Matrix has no field "matrix_data" or no correct dimensions
2023/04/26 09:56:15 527696	WARNING [serialize_helper.cpp->SerializeHelper::Serialize:450]	Matrix has no field "matrix_data" or no correct dimensions
2023/04/26 09:56:15 888952	WARNING [serialize_helper.cpp->SerializeHelper::Serialize:450]	Matrix has no field "matrix_data" or no correct dimensions
2023/04/26 09:56:15 985180	WARNING [serialize_helper.cpp->SerializeHelper::Serialize:450]	Matrix has no field "matrix_data" or no correct dimensions
2023/04/26 09:56:16 178218	WARNING [serialize_helper.cpp->SerializeHelper::Serialize:450]	Matrix has no field "matrix_data" or no correct dimensions
2023/04/26 09:56:16 178945	WARNING [serialize_helper.cpp->SerializeHelper::Serialize:450]	Matrix has no field "matrix_data" or no correct dimensions
2023/04/26 09:56:16 483737	WARNING [serialize_helper.cpp->SerializeHelper::Serialize:450]	Matrix has no field "matrix_data" or no correct dimensions
2023/04/26 09:56:16 654946	WARNING [serialize_helper.cpp->SerializeHelper::Serialize:450]	Matrix has no field "matrix_data" or no correct dimensions
2023/04/26 09:56:16 774705	WARNING [serialize_helper.cpp->SerializeHelper::Serialize:450]	Matrix has no field "matrix_data" or no correct dimensions
2023/04/26 09:56:17 050039	WARNING [serialize_helper.cpp->SerializeHelper::Serialize:450]	Matrix has no field "matrix_data" or no correct dimensions
2023/04/26 09:56:17 213279	WARNING [serialize_helper.cpp->SerializeHelper::Serialize:450]	Matrix has no field "matrix_data" or no correct dimensions
2023/04/26 09:56:17 406967	WARNING [serialize_helper.cpp->SerializeHelper::Serialize:450]	Matrix has no field "matrix_data" or no correct dimensions
2023/04/26 09:56:17 503875	WARNING [serialize_helper.cpp->SerializeHelper::Serialize:450]	Matrix has no field "matrix_data" or no correct dimensions
2023/04/26 09:56:17 646240	WARNING [serialize_helper.cpp->SerializeHelper::Serialize:450]	Matrix has no field "matrix_data" or no correct dimensions
2023/04/26 09:56:17 827420	WARNING [serialize_helper.cpp->SerializeHelper::Serialize:450]	Matrix has no field "matrix_data" or no correct dimensions
2023/04/26 09:56:17 916919	WARNING [serialize_helper.cpp->SerializeHelper::Serialize:450]	Matrix has no field "matrix_data" or no correct dimensions
2023/04/26 09:56:18 098836	WARNING [serialize_helper.cpp->SerializeHelper::Serialize:450]	Matrix has no field "matrix_data" or no correct dimensions
2023/04/26 09:56:18 248425	WARNING [serialize_helper.cpp->SerializeHelper::Serialize:450]	Matrix has no field "matrix_data" or no correct dimensions
2023/04/26 09:56:18 316266	WARNING [serialize_helper.cpp->SerializeHelper::Serialize:450]	Matrix has no field "matrix_data" or no correct dimensions
2023/04/26 09:56:18 445055	WARNING [serialize_helper.cpp->SerializeHelper::Serialize:450]	Matrix has no field "matrix_data" or no correct dimensions
2023/04/26 09:56:18 661041	WARNING [serialize_helper.cpp->SerializeHelper::Serialize:450]	Matrix has no field "matrix_data" or no correct dimensions
2023/04/26 09:56:18 779826	WARNING [serialize_helper.cpp->SerializeHelper::Serialize:450]	Matrix has no field "matrix_data" or no correct dimensions
2023/04/26 09:56:18 914636	WARNING [serialize_helper.cpp->SerializeHelper::Serialize:450]	Matrix has no field "matrix_data" or no correct dimensions
2023/04/26 09:56:19 049491	WARNING [serialize_helper.cpp->SerializeHelper::Serialize:450]	Matrix has no field "matrix_data" or no correct dimensions
2023/04/26 09:56:19 149757	WARNING [serialize_helper.cpp->SerializeHelper::Serialize:450]	Matrix has no field "matrix_data" or no correct dimensions
2023/04/26 09:56:19 240863	WARNING [serialize_helper.cpp->SerializeHelper::Serialize:450]	Matrix has no field "matrix_data" or no correct dimensions
2023/04/26 09:56:19 441197	WARNING [serialize_helper.cpp->SerializeHelper::Serialize:450]	Matrix has no field "matrix_data" or no correct dimensions
2023/04/26 09:56:19 531350	WARNING [serialize_helper.cpp->SerializeHelper::Serialize:450]	Matrix has no field "matrix_data" or no correct dimensions
2023/04/26 09:56:19 659148	WARNING [serialize_helper.cpp->SerializeHelper::Serialize:450]	Matrix has no field "matrix_data" or no correct dimensions
2023/04/26 09:56:19 975295	WARNING [serialize_helper.cpp->SerializeHelper::Serialize:450]	Matrix has no field "matrix_data" or no correct dimensions
2023/04/26 09:56:19 999675	WARNING [serialize_helper.cpp->SerializeHelper::Serialize:450]	Matrix has no field "matrix_data" or no correct dimensions
2023/04/26 09:56:20 227488	WARNING [serialize_helper.cpp->SerializeHelper::Serialize:450]	Matrix has no field "matrix_data" or no correct dimensions
2023/04/26 09:56:20 340575	WARNING [serialize_helper.cpp->SerializeHelper::Serialize:450]	Matrix has no field "matrix_data" or no correct dimensions
2023/04/26 09:56:20 479525	WARNING [serialize_helper.cpp->SerializeHelper::Serialize:450]	Matrix has no field "matrix_data" or no correct dimensions
2023/04/26 09:56:20 551843	WARNING [serialize_helper.cpp->SerializeHelper::Serialize:450]	Matrix has no field "matrix_data" or no correct dimensions
2023/04/26 09:56:20 666099	WARNING [serialize_helper.cpp->SerializeHelper::Serialize:450]	Matrix has no field "matrix_data" or no correct dimensions
2023/04/26 09:56:20 824066	WARNING [serialize_helper.cpp->SerializeHelper::Serialize:450]	Matrix has no field "matrix_data" or no correct dimensions
2023/04/26 09:56:20 913631	WARNING [serialize_helper.cpp->SerializeHelper::Serialize:450]	Matrix has no field "matrix_data" or no correct dimensions
2023/04/26 09:56:21 080576	WARNING [serialize_helper.cpp->SerializeHelper::Serialize:450]	Matrix has no field "matrix_data" or no correct dimensions
2023/04/26 09:56:21 118054	WARNING [serialize_helper.cpp->SerializeHelper::Serialize:450]	Matrix has no field "matrix_data" or no correct dimensions
2023/04/26 09:56:21 194275	WARNING [serialize_helper.cpp->SerializeHelper::Serialize:450]	Matrix has no field "matrix_data" or no correct dimensions
2023/04/26 09:56:21 326457	WARNING [serialize_helper.cpp->SerializeHelper::Serialize:450]	Matrix has no field "matrix_data" or no correct dimensions
2023/04/26 09:56:21 493048	WARNING [serialize_helper.cpp->SerializeHelper::Serialize:450]	Matrix has no field "matrix_data" or no correct dimensions
2023/04/26 09:56:21 666559	WARNING [serialize_helper.cpp->SerializeHelper::Serialize:450]	Matrix has no field "matrix_data" or no correct dimensions
2023/04/26 09:56:21 824973	WARNING [serialize_helper.cpp->SerializeHelper::Serialize:450]	Matrix has no field "matrix_data" or no correct dimensions
2023/04/26 09:56:21 870638	WARNING [serialize_helper.cpp->SerializeHelper::Serialize:450]	Matrix has no field "matrix_data" or no correct dimensions
2023/04/26 09:56:21 876470	WARNING [serialize_helper.cpp->SerializeHelper::Serialize:450]	Matrix has no field "matrix_data" or no correct dimensions
2023/04/26 09:56:22 087210	WARNING [serialize_helper.cpp->SerializeHelper::Serialize:450]	Matrix has no field "matrix_data" or no correct dimensions
2023/04/26 09:56:22 238365	WARNING [serialize_helper.cpp->SerializeHelper::Serialize:450]	Matrix has no field "matrix_data" or no correct dimensions
2023/04/26 09:56:22 561610	WARNING [serialize_helper.cpp->SerializeHelper::Serialize:450]	Matrix has no field "matrix_data" or no correct dimensions
2023/04/26 09:56:22 629457	WARNING [serialize_helper.cpp->SerializeHelper::Serialize:450]	Matrix has no field "matrix_data" or no correct dimensions
2023/04/26 09:56:22 718367	WARNING [serialize_helper.cpp->SerializeHelper::Serialize:450]	Matrix has no field "matrix_data" or no correct dimensions
2023/04/26 09:56:23 026421	WARNING [serialize_helper.cpp->SerializeHelper::Serialize:450]	Matrix has no field "matrix_data" or no correct dimensions
2023/04/26 09:56:23 067842	WARNING [serialize_helper.cpp->SerializeHelper::Serialize:450]	Matrix has no field "matrix_data" or no correct dimensions
2023/04/26 09:56:23 086646	WARNING [serialize_helper.cpp->SerializeHelper::Serialize:450]	Matrix has no field "matrix_data" or no correct dimensions
2023/04/26 09:56:23 428257	WARNING [serialize_helper.cpp->SerializeHelper::Serialize:450]	Matrix has no field "matrix_data" or no correct dimensions
2023/04/26 09:56:23 518659	WARNING [serialize_helper.cpp->SerializeHelper::Serialize:450]	Matrix has no field "matrix_data" or no correct dimensions
2023/04/26 09:56:23 651238	WARNING [serialize_helper.cpp->SerializeHelper::Serialize:450]	Matrix has no field "matrix_data" or no correct dimensions
2023/04/26 09:56:23 785824	WARNING [serialize_helper.cpp->SerializeHelper::Serialize:450]	Matrix has no field "matrix_data" or no correct dimensions
2023/04/26 09:56:23 890143	WARNING [serialize_helper.cpp->SerializeHelper::Serialize:450]	Matrix has no field "matrix_data" or no correct dimensions
2023/04/26 09:56:23 989375	WARNING [serialize_helper.cpp->SerializeHelper::Serialize:450]	Matrix has no field "matrix_data" or no correct dimensions
2023/04/26 09:56:24 184001	WARNING [serialize_helper.cpp->SerializeHelper::Serialize:450]	Matrix has no field "matrix_data" or no correct dimensions
2023/04/26 09:56:24 319044	WARNING [serialize_helper.cpp->SerializeHelper::Serialize:450]	Matrix has no field "matrix_data" or no correct dimensions
2023/04/26 09:56:24 365461	WARNING [serialize_helper.cpp->SerializeHelper::Serialize:450]	Matrix has no field "matrix_data" or no correct dimensions
2023/04/26 09:56:24 534645	WARNING [serialize_helper.cpp->SerializeHelper::Serialize:450]	Matrix has no field "matrix_data" or no correct dimensions
2023/04/26 09:56:24 747600	WARNING [serialize_helper.cpp->SerializeHelper::Serialize:450]	Matrix has no field "matrix_data" or no correct dimensions
2023/04/26 09:56:24 849972	WARNING [serialize_helper.cpp->SerializeHelper::Serialize:450]	Matrix has no field "matrix_data" or no correct dimensions
2023/04/26 09:56:24 900525	WARNING [serialize_helper.cpp->SerializeHelper::Serialize:450]	Matrix has no field "matrix_data" or no correct dimensions
2023/04/26 09:56:25 066125	WARNING [serialize_helper.cpp->SerializeHelper::Serialize:450]	Matrix has no field "matrix_data" or no correct dimensions
2023/04/26 09:56:25 224402	WARNING [serialize_helper.cpp->SerializeHelper::Serialize:450]	Matrix has no field "matrix_data" or no correct dimensions
2023/04/26 09:56:25 274183	WARNING [serialize_helper.cpp->SerializeHelper::Serialize:450]	Matrix has no field "matrix_data" or no correct dimensions
2023/04/26 09:56:25 420101	WARNING [serialize_helper.cpp->SerializeHelper::Serialize:450]	Matrix has no field "matrix_data" or no correct dimensions
2023/04/26 09:56:25 519068	WARNING [serialize_helper.cpp->SerializeHelper::Serialize:450]	Matrix has no field "matrix_data" or no correct dimensions
2023/04/26 09:56:25 675979	WARNING [serialize_helper.cpp->SerializeHelper::Serialize:450]	Matrix has no field "matrix_data" or no correct dimensions
2023/04/26 09:56:25 815312	WARNING [serialize_helper.cpp->SerializeHelper::Serialize:450]	Matrix has no field "matrix_data" or no correct dimensions
2023/04/26 09:56:25 954760	WARNING [serialize_helper.cpp->SerializeHelper::Serialize:450]	Matrix has no field "matrix_data" or no correct dimensions
2023/04/26 09:56:26 016808	WARNING [serialize_helper.cpp->SerializeHelper::Serialize:450]	Matrix has no field "matrix_data" or no correct dimensions
2023/04/26 09:56:26 186399	WARNING [serialize_helper.cpp->SerializeHelper::Serialize:450]	Matrix has no field "matrix_data" or no correct dimensions
2023/04/26 09:56:26 281009	WARNING [serialize_helper.cpp->SerializeHelper::Serialize:450]	Matrix has no field "matrix_data" or no correct dimensions
2023/04/26 09:56:26 462650	WARNING [serialize_helper.cpp->SerializeHelper::Serialize:450]	Matrix has no field "matrix_data" or no correct dimensions
2023/04/26 09:56:26 607331	WARNING [serialize_helper.cpp->SerializeHelper::Serialize:450]	Matrix has no field "matrix_data" or no correct dimensions
2023/04/26 09:56:26 654815	WARNING [serialize_helper.cpp->SerializeHelper::Serialize:450]	Matrix has no field "matrix_data" or no correct dimensions
2023/04/26 09:56:26 855668	WARNING [serialize_helper.cpp->SerializeHelper::Serialize:450]	Matrix has no field "matrix_data" or no correct dimensions
2023/04/26 09:56:26 874672	WARNING [serialize_helper.cpp->SerializeHelper::Serialize:450]	Matrix has no field "matrix_data" or no correct dimensions
2023/04/26 09:56:27 134168	WARNING [serialize_helper.cpp->SerializeHelper::Serialize:450]	Matrix has no field "matrix_data" or no correct dimensions
2023/04/26 09:56:27 265051	WARNING [serialize_helper.cpp->SerializeHelper::Serialize:450]	Matrix has no field "matrix_data" or no correct dimensions
2023/04/26 09:56:27 410417	WARNING [serialize_helper.cpp->SerializeHelper::Serialize:450]	Matrix has no field "matrix_data" or no correct dimensions
2023/04/26 09:56:27 571170	WARNING [serialize_helper.cpp->SerializeHelper::Serialize:450]	Matrix has no field "matrix_data" or no correct dimensions
2023/04/26 09:56:27 684936	WARNING [serialize_helper.cpp->SerializeHelper::Serialize:450]	Matrix has no field "matrix_data" or no correct dimensions
2023/04/26 09:56:27 777548	WARNING [serialize_helper.cpp->SerializeHelper::Serialize:450]	Matrix has no field "matrix_data" or no correct dimensions
2023/04/26 09:56:33 744113	WARNING [serialize_helper.cpp->SerializeHelper::Serialize:450]	Matrix has no field "matrix_data" or no correct dimensions
2023/04/26 09:56:33 870254	WARNING [serialize_helper.cpp->SerializeHelper::Serialize:450]	Matrix has no field "matrix_data" or no correct dimensions
2023/04/26 09:56:33 967332	WARNING [serialize_helper.cpp->SerializeHelper::Serialize:450]	Matrix has no field "matrix_data" or no correct dimensions
2023/04/26 09:56:34 119665	WARNING [serialize_helper.cpp->SerializeHelper::Serialize:450]	Matrix has no field "matrix_data" or no correct dimensions
2023/04/26 09:56:34 150785	WARNING [serialize_helper.cpp->SerializeHelper::Serialize:450]	Matrix has no field "matrix_data" or no correct dimensions
2023/04/26 09:56:34 384882	WARNING [serialize_helper.cpp->SerializeHelper::Serialize:450]	Matrix has no field "matrix_data" or no correct dimensions
2023/04/26 09:56:34 409325	WARNING [serialize_helper.cpp->SerializeHelper::Serialize:450]	Matrix has no field "matrix_data" or no correct dimensions
2023/04/26 09:56:34 601028	WARNING [serialize_helper.cpp->SerializeHelper::Serialize:450]	Matrix has no field "matrix_data" or no correct dimensions
2023/04/26 09:56:34 730696	WARNING [serialize_helper.cpp->SerializeHelper::Serialize:450]	Matrix has no field "matrix_data" or no correct dimensions
2023/04/26 09:56:34 804044	WARNING [serialize_helper.cpp->SerializeHelper::Serialize:450]	Matrix has no field "matrix_data" or no correct dimensions
2023/04/26 09:56:34 965853	WARNING [serialize_helper.cpp->SerializeHelper::Serialize:450]	Matrix has no field "matrix_data" or no correct dimensions
2023/04/26 09:56:35 115713	WARNING [serialize_helper.cpp->SerializeHelper::Serialize:450]	Matrix has no field "matrix_data" or no correct dimensions
2023/04/26 09:56:35 161585	WARNING [serialize_helper.cpp->SerializeHelper::Serialize:450]	Matrix has no field "matrix_data" or no correct dimensions
2023/04/26 09:56:35 290019	WARNING [serialize_helper.cpp->SerializeHelper::Serialize:450]	Matrix has no field "matrix_data" or no correct dimensions
2023/04/26 09:56:35 363341	WARNING [serialize_helper.cpp->SerializeHelper::Serialize:450]	Matrix has no field "matrix_data" or no correct dimensions
2023/04/26 09:56:35 733584	WARNING [serialize_helper.cpp->SerializeHelper::Serialize:450]	Matrix has no field "matrix_data" or no correct dimensions
2023/04/26 09:56:35 849353	WARNING [serialize_helper.cpp->SerializeHelper::Serialize:450]	Matrix has no field "matrix_data" or no correct dimensions
2023/04/26 09:56:36 006509	WARNING [serialize_helper.cpp->SerializeHelper::Serialize:450]	Matrix has no field "matrix_data" or no correct dimensions
2023/04/26 09:56:37 854249	WARNING [serialize_helper.cpp->SerializeHelper::Serialize:450]	Matrix has no field "matrix_data" or no correct dimensions
2023/04/26 09:56:38 115973	WARNING [serialize_helper.cpp->SerializeHelper::Serialize:450]	Matrix has no field "matrix_data" or no correct dimensions
2023/04/26 09:56:38 191442	WARNING [serialize_helper.cpp->SerializeHelper::Serialize:450]	Matrix has no field "matrix_data" or no correct dimensions
2023/04/26 09:56:38 384637	WARNING [serialize_helper.cpp->SerializeHelper::Serialize:450]	Matrix has no field "matrix_data" or no correct dimensions
2023/04/26 09:56:38 611745	WARNING [serialize_helper.cpp->SerializeHelper::Serialize:450]	Matrix has no field "matrix_data" or no correct dimensions
2023/04/26 09:56:38 694499	WARNING [serialize_helper.cpp->SerializeHelper::Serialize:450]	Matrix has no field "matrix_data" or no correct dimensions
2023/04/26 09:56:38 846996	WARNING [serialize_helper.cpp->SerializeHelper::Serialize:450]	Matrix has no field "matrix_data" or no correct dimensions
2023/04/26 09:56:38 971401	WARNING [serialize_helper.cpp->SerializeHelper::Serialize:450]	Matrix has no field "matrix_data" or no correct dimensions
2023/04/26 09:56:39 093628	WARNING [serialize_helper.cpp->SerializeHelper::Serialize:450]	Matrix has no field "matrix_data" or no correct dimensions
2023/04/26 09:56:39 203489	WARNING [serialize_helper.cpp->SerializeHelper::Serialize:450]	Matrix has no field "matrix_data" or no correct dimensions
2023/04/26 09:56:39 338089	WARNING [serialize_helper.cpp->SerializeHelper::Serialize:450]	Matrix has no field "matrix_data" or no correct dimensions
2023/04/26 09:56:39 479369	WARNING [serialize_helper.cpp->SerializeHelper::Serialize:450]	Matrix has no field "matrix_data" or no correct dimensions
2023/04/26 09:56:39 599012	WARNING [serialize_helper.cpp->SerializeHelper::Serialize:450]	Matrix has no field "matrix_data" or no correct dimensions
2023/04/26 09:56:39 755841	WARNING [serialize_helper.cpp->SerializeHelper::Serialize:450]	Matrix has no field "matrix_data" or no correct dimensions
2023/04/26 09:56:39 865774	WARNING [serialize_helper.cpp->SerializeHelper::Serialize:450]	Matrix has no field "matrix_data" or no correct dimensions
2023/04/26 09:56:39 913356	WARNING [serialize_helper.cpp->SerializeHelper::Serialize:450]	Matrix has no field "matrix_data" or no correct dimensions
2023/04/26 09:56:40 080896	WARNING [serialize_helper.cpp->SerializeHelper::Serialize:450]	Matrix has no field "matrix_data" or no correct dimensions
2023/04/26 09:56:40 281912	WARNING [serialize_helper.cpp->SerializeHelper::Serialize:450]	Matrix has no field "matrix_data" or no correct dimensions
2023/04/26 09:56:40 424116	WARNING [serialize_helper.cpp->SerializeHelper::Serialize:450]	Matrix has no field "matrix_data" or no correct dimensions
2023/04/26 09:56:40 426491	WARNING [serialize_helper.cpp->SerializeHelper::Serialize:450]	Matrix has no field "matrix_data" or no correct dimensions
2023/04/26 09:56:40 485324	WARNING [serialize_helper.cpp->SerializeHelper::Serialize:450]	Matrix has no field "matrix_data" or no correct dimensions
2023/04/26 09:56:40 553640	WARNING [serialize_helper.cpp->SerializeHelper::Serialize:450]	Matrix has no field "matrix_data" or no correct dimensions
2023/04/26 09:56:40 820623	WARNING [serialize_helper.cpp->SerializeHelper::Serialize:450]	Matrix has no field "matrix_data" or no correct dimensions
2023/04/26 09:56:40 885504	WARNING [serialize_helper.cpp->SerializeHelper::Serialize:450]	Matrix has no field "matrix_data" or no correct dimensions
2023/04/26 09:56:40 885954	WARNING [serialize_helper.cpp->SerializeHelper::Serialize:450]	Matrix has no field "matrix_data" or no correct dimensions
2023/04/26 09:56:41 114582	WARNING [serialize_helper.cpp->SerializeHelper::Serialize:450]	Matrix has no field "matrix_data" or no correct dimensions
2023/04/26 09:56:41 304681	WARNING [serialize_helper.cpp->SerializeHelper::Serialize:450]	Matrix has no field "matrix_data" or no correct dimensions
2023/04/26 09:56:41 438218	WARNING [serialize_helper.cpp->SerializeHelper::Serialize:450]	Matrix has no field "matrix_data" or no correct dimensions
2023/04/26 09:56:41 575296	WARNING [serialize_helper.cpp->SerializeHelper::Serialize:450]	Matrix has no field "matrix_data" or no correct dimensions
2023/04/26 09:56:41 576401	WARNING [serialize_helper.cpp->SerializeHelper::Serialize:450]	Matrix has no field "matrix_data" or no correct dimensions
2023/04/26 09:56:41 734745	WARNING [serialize_helper.cpp->SerializeHelper::Serialize:450]	Matrix has no field "matrix_data" or no correct dimensions
2023/04/26 09:56:41 868243	WARNING [serialize_helper.cpp->SerializeHelper::Serialize:450]	Matrix has no field "matrix_data" or no correct dimensions
2023/04/26 09:56:41 959999	WARNING [serialize_helper.cpp->SerializeHelper::Serialize:450]	Matrix has no field "matrix_data" or no correct dimensions
2023/04/26 09:56:42 126905	WARNING [serialize_helper.cpp->SerializeHelper::Serialize:450]	Matrix has no field "matrix_data" or no correct dimensions
2023/04/26 09:56:42 301845	WARNING [serialize_helper.cpp->SerializeHelper::Serialize:450]	Matrix has no field "matrix_data" or no correct dimensions
2023/04/26 09:56:42 348285	WARNING [serialize_helper.cpp->SerializeHelper::Serialize:450]	Matrix has no field "matrix_data" or no correct dimensions
2023/04/26 09:56:42 432818	WARNING [serialize_helper.cpp->SerializeHelper::Serialize:450]	Matrix has no field "matrix_data" or no correct dimensions
2023/04/26 09:56:42 566590	WARNING [serialize_helper.cpp->SerializeHelper::Serialize:450]	Matrix has no field "matrix_data" or no correct dimensions
2023/04/26 09:56:42 646286	WARNING [serialize_helper.cpp->SerializeHelper::Serialize:450]	Matrix has no field "matrix_data" or no correct dimensions
2023/04/26 09:56:42 721886	WARNING [serialize_helper.cpp->SerializeHelper::Serialize:450]	Matrix has no field "matrix_data" or no correct dimensions
2023/04/26 09:56:42 864839	WARNING [serialize_helper.cpp->SerializeHelper::Serialize:450]	Matrix has no field "matrix_data" or no correct dimensions
2023/04/26 09:56:43 069345	WARNING [serialize_helper.cpp->SerializeHelper::Serialize:450]	Matrix has no field "matrix_data" or no correct dimensions
2023/04/26 09:56:43 179936	WARNING [serialize_helper.cpp->SerializeHelper::Serialize:450]	Matrix has no field "matrix_data" or no correct dimensions
2023/04/26 09:56:43 286063	WARNING [serialize_helper.cpp->SerializeHelper::Serialize:450]	Matrix has no field "matrix_data" or no correct dimensions
2023/04/26 09:56:43 441680	WARNING [serialize_helper.cpp->SerializeHelper::Serialize:450]	Matrix has no field "matrix_data" or no correct dimensions
2023/04/26 09:56:43 530935	WARNING [serialize_helper.cpp->SerializeHelper::Serialize:450]	Matrix has no field "matrix_data" or no correct dimensions
2023/04/26 09:56:43 627599	WARNING [serialize_helper.cpp->SerializeHelper::Serialize:450]	Matrix has no field "matrix_data" or no correct dimensions
2023/04/26 09:56:43 723908	WARNING [serialize_helper.cpp->SerializeHelper::Serialize:450]	Matrix has no field "matrix_data" or no correct dimensions
2023/04/26 09:56:43 769582	WARNING [serialize_helper.cpp->SerializeHelper::Serialize:450]	Matrix has no field "matrix_data" or no correct dimensions
2023/04/26 09:56:43 929716	WARNING [serialize_helper.cpp->SerializeHelper::Serialize:450]	Matrix has no field "matrix_data" or no correct dimensions
2023/04/26 09:56:44 089856	WARNING [serialize_helper.cpp->SerializeHelper::Serialize:450]	Matrix has no field "matrix_data" or no correct dimensions
2023/04/26 09:56:44 167397	WARNING [serialize_helper.cpp->SerializeHelper::Serialize:450]	Matrix has no field "matrix_data" or no correct dimensions
2023/04/26 09:56:44 281409	WARNING [serialize_helper.cpp->SerializeHelper::Serialize:450]	Matrix has no field "matrix_data" or no correct dimensions
2023/04/26 09:56:44 455459	WARNING [serialize_helper.cpp->SerializeHelper::Serialize:450]	Matrix has no field "matrix_data" or no correct dimensions
2023/04/26 09:56:44 623537	WARNING [serialize_helper.cpp->SerializeHelper::Serialize:450]	Matrix has no field "matrix_data" or no correct dimensions
2023/04/26 09:56:44 666682	WARNING [serialize_helper.cpp->SerializeHelper::Serialize:450]	Matrix has no field "matrix_data" or no correct dimensions
2023/04/26 09:56:44 713834	WARNING [serialize_helper.cpp->SerializeHelper::Serialize:450]	Matrix has no field "matrix_data" or no correct dimensions
2023/04/26 09:56:44 917409	WARNING [serialize_helper.cpp->SerializeHelper::Serialize:450]	Matrix has no field "matrix_data" or no correct dimensions
2023/04/26 09:56:45 038941	WARNING [serialize_helper.cpp->SerializeHelper::Serialize:450]	Matrix has no field "matrix_data" or no correct dimensions
2023/04/26 09:56:45 118110	WARNING [serialize_helper.cpp->SerializeHelper::Serialize:450]	Matrix has no field "matrix_data" or no correct dimensions
2023/04/26 09:56:45 285691	WARNING [serialize_helper.cpp->SerializeHelper::Serialize:450]	Matrix has no field "matrix_data" or no correct dimensions
2023/04/26 09:56:49 523472	WARNING [serialize_helper.cpp->SerializeHelper::Serialize:450]	Matrix has no field "matrix_data" or no correct dimensions
2023/04/26 09:56:49 787983	WARNING [serialize_helper.cpp->SerializeHelper::Serialize:450]	Matrix has no field "matrix_data" or no correct dimensions
2023/04/26 09:56:49 993087	WARNING [serialize_helper.cpp->SerializeHelper::Serialize:450]	Matrix has no field "matrix_data" or no correct dimensions
2023/04/26 09:56:50 072620	WARNING [serialize_helper.cpp->SerializeHelper::Serialize:450]	Matrix has no field "matrix_data" or no correct dimensions
2023/04/26 09:56:50 195297	WARNING [serialize_helper.cpp->SerializeHelper::Serialize:450]	Matrix has no field "matrix_data" or no correct dimensions
2023/04/26 09:56:50 318648	WARNING [serialize_helper.cpp->SerializeHelper::Serialize:450]	Matrix has no field "matrix_data" or no correct dimensions
2023/04/26 09:57:02 612897	WARNING [serialize_helper.cpp->SerializeHelper::Serialize:450]	Matrix has no field "matrix_data" or no correct dimensions
2023/04/26 09:57:19 655752	WARNING [serialize_helper.cpp->SerializeHelper::Serialize:450]	Matrix has no field "matrix_data" or no correct dimensions
2023/04/26 09:57:19 838106	WARNING [serialize_helper.cpp->SerializeHelper::Serialize:450]	Matrix has no field "matrix_data" or no correct dimensions
2023/04/26 09:57:19 951454	WARNING [serialize_helper.cpp->SerializeHelper::Serialize:450]	Matrix has no field "matrix_data" or no correct dimensions
2023/04/26 09:57:20 117596	WARNING [serialize_helper.cpp->SerializeHelper::Serialize:450]	Matrix has no field "matrix_data" or no correct dimensions
2023/04/26 09:57:20 239400	WARNING [serialize_helper.cpp->SerializeHelper::Serialize:450]	Matrix has no field "matrix_data" or no correct dimensions
2023/04/26 09:57:20 492081	WARNING [serialize_helper.cpp->SerializeHelper::Serialize:450]	Matrix has no field "matrix_data" or no correct dimensions
2023/04/26 09:57:20 649658	WARNING [serialize_helper.cpp->SerializeHelper::Serialize:450]	Matrix has no field "matrix_data" or no correct dimensions
2023/04/26 09:57:20 753610	WARNING [serialize_helper.cpp->SerializeHelper::Serialize:450]	Matrix has no field "matrix_data" or no correct dimensions
2023/04/26 09:57:20 846417	WARNING [serialize_helper.cpp->SerializeHelper::Serialize:450]	Matrix has no field "matrix_data" or no correct dimensions
2023/04/26 09:57:20 906311	WARNING [serialize_helper.cpp->SerializeHelper::Serialize:450]	Matrix has no field "matrix_data" or no correct dimensions
2023/04/26 09:57:21 080295	WARNING [serialize_helper.cpp->SerializeHelper::Serialize:450]	Matrix has no field "matrix_data" or no correct dimensions
2023/04/26 09:57:21 186110	WARNING [serialize_helper.cpp->SerializeHelper::Serialize:450]	Matrix has no field "matrix_data" or no correct dimensions
2023/04/26 09:57:21 377856	WARNING [serialize_helper.cpp->SerializeHelper::Serialize:450]	Matrix has no field "matrix_data" or no correct dimensions
2023/04/26 09:57:21 436051	WARNING [serialize_helper.cpp->SerializeHelper::Serialize:450]	Matrix has no field "matrix_data" or no correct dimensions
2023/04/26 09:57:21 656539	WARNING [serialize_helper.cpp->SerializeHelper::Serialize:450]	Matrix has no field "matrix_data" or no correct dimensions
2023/04/26 09:57:21 744978	WARNING [serialize_helper.cpp->SerializeHelper::Serialize:450]	Matrix has no field "matrix_data" or no correct dimensions
2023/04/26 09:57:28 010806	WARNING [serialize_helper.cpp->SerializeHelper::Serialize:450]	Matrix has no field "matrix_data" or no correct dimensions
2023/04/26 09:57:28 080763	WARNING [serialize_helper.cpp->SerializeHelper::Serialize:450]	Matrix has no field "matrix_data" or no correct dimensions
2023/04/26 09:57:28 198878	WARNING [serialize_helper.cpp->SerializeHelper::Serialize:450]	Matrix has no field "matrix_data" or no correct dimensions
2023/04/26 09:57:28 440663	WARNING [serialize_helper.cpp->SerializeHelper::Serialize:450]	Matrix has no field "matrix_data" or no correct dimensions
2023/04/26 09:57:28 587988	WARNING [serialize_helper.cpp->SerializeHelper::Serialize:450]	Matrix has no field "matrix_data" or no correct dimensions
2023/04/26 09:57:28 589978	WARNING [serialize_helper.cpp->SerializeHelper::Serialize:450]	Matrix has no field "matrix_data" or no correct dimensions
2023/04/26 09:57:28 730524	WARNING [serialize_helper.cpp->SerializeHelper::Serialize:450]	Matrix has no field "matrix_data" or no correct dimensions
2023/04/26 09:57:28 802854	WARNING [serialize_helper.cpp->SerializeHelper::Serialize:450]	Matrix has no field "matrix_data" or no correct dimensions
2023/04/26 09:57:28 911700	WARNING [serialize_helper.cpp->SerializeHelper::Serialize:450]	Matrix has no field "matrix_data" or no correct dimensions
2023/04/26 09:57:29 059246	WARNING [serialize_helper.cpp->SerializeHelper::Serialize:450]	Matrix has no field "matrix_data" or no correct dimensions
2023/04/26 09:57:29 181449	WARNING [serialize_helper.cpp->SerializeHelper::Serialize:450]	Matrix has no field "matrix_data" or no correct dimensions
2023/04/26 09:57:29 343311	WARNING [serialize_helper.cpp->SerializeHelper::Serialize:450]	Matrix has no field "matrix_data" or no correct dimensions
2023/04/26 09:57:29 490602	WARNING [serialize_helper.cpp->SerializeHelper::Serialize:450]	Matrix has no field "matrix_data" or no correct dimensions
2023/04/26 09:57:29 758101	WARNING [serialize_helper.cpp->SerializeHelper::Serialize:450]	Matrix has no field "matrix_data" or no correct dimensions
2023/04/26 09:57:29 957433	WARNING [serialize_helper.cpp->SerializeHelper::Serialize:450]	Matrix has no field "matrix_data" or no correct dimensions
2023/04/26 09:57:29 991224	WARNING [serialize_helper.cpp->SerializeHelper::Serialize:450]	Matrix has no field "matrix_data" or no correct dimensions
2023/04/26 09:57:30 255260	WARNING [serialize_helper.cpp->SerializeHelper::Serialize:450]	Matrix has no field "matrix_data" or no correct dimensions
2023/04/26 09:57:30 441008	WARNING [serialize_helper.cpp->SerializeHelper::Serialize:450]	Matrix has no field "matrix_data" or no correct dimensions
2023/04/26 09:57:30 711013	WARNING [serialize_helper.cpp->SerializeHelper::Serialize:450]	Matrix has no field "matrix_data" or no correct dimensions
2023/04/26 09:57:30 860734	WARNING [serialize_helper.cpp->SerializeHelper::Serialize:450]	Matrix has no field "matrix_data" or no correct dimensions
2023/04/26 09:57:31 011852	WARNING [serialize_helper.cpp->SerializeHelper::Serialize:450]	Matrix has no field "matrix_data" or no correct dimensions
2023/04/26 09:57:31 141015	WARNING [serialize_helper.cpp->SerializeHelper::Serialize:450]	Matrix has no field "matrix_data" or no correct dimensions
2023/04/26 09:57:31 305156	WARNING [serialize_helper.cpp->SerializeHelper::Serialize:450]	Matrix has no field "matrix_data" or no correct dimensions
2023/04/26 09:57:31 455639	WARNING [serialize_helper.cpp->SerializeHelper::Serialize:450]	Matrix has no field "matrix_data" or no correct dimensions
2023/04/26 09:57:31 570887	WARNING [serialize_helper.cpp->SerializeHelper::Serialize:450]	Matrix has no field "matrix_data" or no correct dimensions
2023/04/26 09:57:33 269339	INFO [python_manager.cpp->PythonManager::Death:637]	Death()
2023/04/26 10:04:14 406447	INFO [python_manager.cpp->PythonManager::Death:637]	Death()
2023/04/26 10:05:36 698530	INFO [python_manager.cpp->PythonManager::Death:637]	Death()
2023/04/26 10:08:05 270365	WARNING [serialize_helper.cpp->SerializeHelper::Serialize:450]	Matrix has no field "matrix_data" or no correct dimensions
2023/04/26 10:08:05 413471	WARNING [serialize_helper.cpp->SerializeHelper::Serialize:450]	Matrix has no field "matrix_data" or no correct dimensions
2023/04/26 10:08:05 553645	WARNING [serialize_helper.cpp->SerializeHelper::Serialize:450]	Matrix has no field "matrix_data" or no correct dimensions
2023/04/26 10:08:05 629495	WARNING [serialize_helper.cpp->SerializeHelper::Serialize:450]	Matrix has no field "matrix_data" or no correct dimensions
2023/04/26 10:08:05 769077	WARNING [serialize_helper.cpp->SerializeHelper::Serialize:450]	Matrix has no field "matrix_data" or no correct dimensions
2023/04/26 10:08:05 895679	WARNING [serialize_helper.cpp->SerializeHelper::Serialize:450]	Matrix has no field "matrix_data" or no correct dimensions
2023/04/26 10:08:05 990544	WARNING [serialize_helper.cpp->SerializeHelper::Serialize:450]	Matrix has no field "matrix_data" or no correct dimensions
2023/04/26 10:08:06 164059	WARNING [serialize_helper.cpp->SerializeHelper::Serialize:450]	Matrix has no field "matrix_data" or no correct dimensions
2023/04/26 10:08:06 224819	WARNING [serialize_helper.cpp->SerializeHelper::Serialize:450]	Matrix has no field "matrix_data" or no correct dimensions
2023/04/26 10:08:06 376919	WARNING [serialize_helper.cpp->SerializeHelper::Serialize:450]	Matrix has no field "matrix_data" or no correct dimensions
2023/04/26 10:08:06 474239	WARNING [serialize_helper.cpp->SerializeHelper::Serialize:450]	Matrix has no field "matrix_data" or no correct dimensions
2023/04/26 10:08:06 552923	WARNING [serialize_helper.cpp->SerializeHelper::Serialize:450]	Matrix has no field "matrix_data" or no correct dimensions
2023/04/26 10:08:06 662121	WARNING [serialize_helper.cpp->SerializeHelper::Serialize:450]	Matrix has no field "matrix_data" or no correct dimensions
2023/04/26 10:08:06 771532	WARNING [serialize_helper.cpp->SerializeHelper::Serialize:450]	Matrix has no field "matrix_data" or no correct dimensions
2023/04/26 10:08:06 943899	WARNING [serialize_helper.cpp->SerializeHelper::Serialize:450]	Matrix has no field "matrix_data" or no correct dimensions
2023/04/26 10:08:07 054046	WARNING [serialize_helper.cpp->SerializeHelper::Serialize:450]	Matrix has no field "matrix_data" or no correct dimensions
2023/04/26 10:08:07 194288	WARNING [serialize_helper.cpp->SerializeHelper::Serialize:450]	Matrix has no field "matrix_data" or no correct dimensions
2023/04/26 10:08:07 332703	WARNING [serialize_helper.cpp->SerializeHelper::Serialize:450]	Matrix has no field "matrix_data" or no correct dimensions
2023/04/26 10:08:07 380730	WARNING [serialize_helper.cpp->SerializeHelper::Serialize:450]	Matrix has no field "matrix_data" or no correct dimensions
2023/04/26 10:08:07 506395	WARNING [serialize_helper.cpp->SerializeHelper::Serialize:450]	Matrix has no field "matrix_data" or no correct dimensions
2023/04/26 10:08:07 621753	WARNING [serialize_helper.cpp->SerializeHelper::Serialize:450]	Matrix has no field "matrix_data" or no correct dimensions
2023/04/26 10:08:07 708867	WARNING [serialize_helper.cpp->SerializeHelper::Serialize:450]	Matrix has no field "matrix_data" or no correct dimensions
2023/04/26 10:08:07 819684	WARNING [serialize_helper.cpp->SerializeHelper::Serialize:450]	Matrix has no field "matrix_data" or no correct dimensions
2023/04/26 10:08:07 974267	WARNING [serialize_helper.cpp->SerializeHelper::Serialize:450]	Matrix has no field "matrix_data" or no correct dimensions
2023/04/26 10:08:08 208692	WARNING [serialize_helper.cpp->SerializeHelper::Serialize:450]	Matrix has no field "matrix_data" or no correct dimensions
2023/04/26 10:08:08 225718	WARNING [serialize_helper.cpp->SerializeHelper::Serialize:450]	Matrix has no field "matrix_data" or no correct dimensions
2023/04/26 10:08:08 333289	WARNING [serialize_helper.cpp->SerializeHelper::Serialize:450]	Matrix has no field "matrix_data" or no correct dimensions
2023/04/26 10:08:08 511155	WARNING [serialize_helper.cpp->SerializeHelper::Serialize:450]	Matrix has no field "matrix_data" or no correct dimensions
2023/04/26 10:08:08 538672	WARNING [serialize_helper.cpp->SerializeHelper::Serialize:450]	Matrix has no field "matrix_data" or no correct dimensions
2023/04/26 10:08:08 725077	WARNING [serialize_helper.cpp->SerializeHelper::Serialize:450]	Matrix has no field "matrix_data" or no correct dimensions
2023/04/26 10:08:08 779816	WARNING [serialize_helper.cpp->SerializeHelper::Serialize:450]	Matrix has no field "matrix_data" or no correct dimensions
2023/04/26 10:08:08 894707	WARNING [serialize_helper.cpp->SerializeHelper::Serialize:450]	Matrix has no field "matrix_data" or no correct dimensions
2023/04/26 10:08:09 020718	WARNING [serialize_helper.cpp->SerializeHelper::Serialize:450]	Matrix has no field "matrix_data" or no correct dimensions
2023/04/26 10:08:09 176023	WARNING [serialize_helper.cpp->SerializeHelper::Serialize:450]	Matrix has no field "matrix_data" or no correct dimensions
2023/04/26 10:08:09 289955	WARNING [serialize_helper.cpp->SerializeHelper::Serialize:450]	Matrix has no field "matrix_data" or no correct dimensions
2023/04/26 10:08:09 429624	WARNING [serialize_helper.cpp->SerializeHelper::Serialize:450]	Matrix has no field "matrix_data" or no correct dimensions
2023/04/26 10:08:09 501090	WARNING [serialize_helper.cpp->SerializeHelper::Serialize:450]	Matrix has no field "matrix_data" or no correct dimensions
2023/04/26 10:08:09 594850	WARNING [serialize_helper.cpp->SerializeHelper::Serialize:450]	Matrix has no field "matrix_data" or no correct dimensions
2023/04/26 10:08:09 735485	WARNING [serialize_helper.cpp->SerializeHelper::Serialize:450]	Matrix has no field "matrix_data" or no correct dimensions
2023/04/26 10:08:09 830199	WARNING [serialize_helper.cpp->SerializeHelper::Serialize:450]	Matrix has no field "matrix_data" or no correct dimensions
2023/04/26 10:08:09 941331	WARNING [serialize_helper.cpp->SerializeHelper::Serialize:450]	Matrix has no field "matrix_data" or no correct dimensions
2023/04/26 10:08:10 172393	WARNING [serialize_helper.cpp->SerializeHelper::Serialize:450]	Matrix has no field "matrix_data" or no correct dimensions
2023/04/26 10:08:10 189002	WARNING [serialize_helper.cpp->SerializeHelper::Serialize:450]	Matrix has no field "matrix_data" or no correct dimensions
2023/04/26 10:08:10 328869	WARNING [serialize_helper.cpp->SerializeHelper::Serialize:450]	Matrix has no field "matrix_data" or no correct dimensions
2023/04/26 10:08:10 438565	WARNING [serialize_helper.cpp->SerializeHelper::Serialize:450]	Matrix has no field "matrix_data" or no correct dimensions
2023/04/26 10:08:10 593446	WARNING [serialize_helper.cpp->SerializeHelper::Serialize:450]	Matrix has no field "matrix_data" or no correct dimensions
2023/04/26 10:08:10 727116	WARNING [serialize_helper.cpp->SerializeHelper::Serialize:450]	Matrix has no field "matrix_data" or no correct dimensions
2023/04/26 10:08:10 789461	WARNING [serialize_helper.cpp->SerializeHelper::Serialize:450]	Matrix has no field "matrix_data" or no correct dimensions
2023/04/26 10:08:10 892595	WARNING [serialize_helper.cpp->SerializeHelper::Serialize:450]	Matrix has no field "matrix_data" or no correct dimensions
2023/04/26 10:08:11 013984	WARNING [serialize_helper.cpp->SerializeHelper::Serialize:450]	Matrix has no field "matrix_data" or no correct dimensions
2023/04/26 10:08:11 201623	WARNING [serialize_helper.cpp->SerializeHelper::Serialize:450]	Matrix has no field "matrix_data" or no correct dimensions
2023/04/26 10:08:11 341659	WARNING [serialize_helper.cpp->SerializeHelper::Serialize:450]	Matrix has no field "matrix_data" or no correct dimensions
2023/04/26 10:08:11 407871	WARNING [serialize_helper.cpp->SerializeHelper::Serialize:450]	Matrix has no field "matrix_data" or no correct dimensions
2023/04/26 10:08:11 480203	WARNING [serialize_helper.cpp->SerializeHelper::Serialize:450]	Matrix has no field "matrix_data" or no correct dimensions
2023/04/26 10:08:11 660445	WARNING [serialize_helper.cpp->SerializeHelper::Serialize:450]	Matrix has no field "matrix_data" or no correct dimensions
2023/04/26 10:08:11 700155	WARNING [serialize_helper.cpp->SerializeHelper::Serialize:450]	Matrix has no field "matrix_data" or no correct dimensions
2023/04/26 10:08:11 872800	WARNING [serialize_helper.cpp->SerializeHelper::Serialize:450]	Matrix has no field "matrix_data" or no correct dimensions
2023/04/26 10:08:11 916213	WARNING [serialize_helper.cpp->SerializeHelper::Serialize:450]	Matrix has no field "matrix_data" or no correct dimensions
2023/04/26 10:08:12 072633	WARNING [serialize_helper.cpp->SerializeHelper::Serialize:450]	Matrix has no field "matrix_data" or no correct dimensions
2023/04/26 10:08:12 197240	WARNING [serialize_helper.cpp->SerializeHelper::Serialize:450]	Matrix has no field "matrix_data" or no correct dimensions
2023/04/26 10:08:12 338243	WARNING [serialize_helper.cpp->SerializeHelper::Serialize:450]	Matrix has no field "matrix_data" or no correct dimensions
2023/04/26 10:08:12 497801	WARNING [serialize_helper.cpp->SerializeHelper::Serialize:450]	Matrix has no field "matrix_data" or no correct dimensions
2023/04/26 10:08:12 554981	WARNING [serialize_helper.cpp->SerializeHelper::Serialize:450]	Matrix has no field "matrix_data" or no correct dimensions
2023/04/26 10:08:12 694593	WARNING [serialize_helper.cpp->SerializeHelper::Serialize:450]	Matrix has no field "matrix_data" or no correct dimensions
2023/04/26 10:08:12 789262	WARNING [serialize_helper.cpp->SerializeHelper::Serialize:450]	Matrix has no field "matrix_data" or no correct dimensions
2023/04/26 10:08:13 010075	WARNING [serialize_helper.cpp->SerializeHelper::Serialize:450]	Matrix has no field "matrix_data" or no correct dimensions
2023/04/26 10:08:13 068662	WARNING [serialize_helper.cpp->SerializeHelper::Serialize:450]	Matrix has no field "matrix_data" or no correct dimensions
2023/04/26 10:08:13 178662	WARNING [serialize_helper.cpp->SerializeHelper::Serialize:450]	Matrix has no field "matrix_data" or no correct dimensions
2023/04/26 10:08:13 287925	WARNING [serialize_helper.cpp->SerializeHelper::Serialize:450]	Matrix has no field "matrix_data" or no correct dimensions
2023/04/26 10:08:13 458456	WARNING [serialize_helper.cpp->SerializeHelper::Serialize:450]	Matrix has no field "matrix_data" or no correct dimensions
2023/04/26 10:08:13 599158	WARNING [serialize_helper.cpp->SerializeHelper::Serialize:450]	Matrix has no field "matrix_data" or no correct dimensions
2023/04/26 10:08:13 723996	WARNING [serialize_helper.cpp->SerializeHelper::Serialize:450]	Matrix has no field "matrix_data" or no correct dimensions
2023/04/26 10:08:13 880426	WARNING [serialize_helper.cpp->SerializeHelper::Serialize:450]	Matrix has no field "matrix_data" or no correct dimensions
2023/04/26 10:08:13 990265	WARNING [serialize_helper.cpp->SerializeHelper::Serialize:450]	Matrix has no field "matrix_data" or no correct dimensions
2023/04/26 10:08:14 097928	WARNING [serialize_helper.cpp->SerializeHelper::Serialize:450]	Matrix has no field "matrix_data" or no correct dimensions
2023/04/26 10:08:14 210700	WARNING [serialize_helper.cpp->SerializeHelper::Serialize:450]	Matrix has no field "matrix_data" or no correct dimensions
2023/04/26 10:08:14 302653	WARNING [serialize_helper.cpp->SerializeHelper::Serialize:450]	Matrix has no field "matrix_data" or no correct dimensions
2023/04/26 10:08:14 491910	WARNING [serialize_helper.cpp->SerializeHelper::Serialize:450]	Matrix has no field "matrix_data" or no correct dimensions
2023/04/26 10:08:14 565029	WARNING [serialize_helper.cpp->SerializeHelper::Serialize:450]	Matrix has no field "matrix_data" or no correct dimensions
2023/04/26 10:08:14 695005	WARNING [serialize_helper.cpp->SerializeHelper::Serialize:450]	Matrix has no field "matrix_data" or no correct dimensions
2023/04/26 10:08:14 720176	WARNING [serialize_helper.cpp->SerializeHelper::Serialize:450]	Matrix has no field "matrix_data" or no correct dimensions
2023/04/26 10:08:14 847355	WARNING [serialize_helper.cpp->SerializeHelper::Serialize:450]	Matrix has no field "matrix_data" or no correct dimensions
2023/04/26 10:08:15 109296	WARNING [serialize_helper.cpp->SerializeHelper::Serialize:450]	Matrix has no field "matrix_data" or no correct dimensions
2023/04/26 10:08:15 234699	WARNING [serialize_helper.cpp->SerializeHelper::Serialize:450]	Matrix has no field "matrix_data" or no correct dimensions
2023/04/26 10:08:15 234934	WARNING [serialize_helper.cpp->SerializeHelper::Serialize:450]	Matrix has no field "matrix_data" or no correct dimensions
2023/04/26 10:08:15 437894	WARNING [serialize_helper.cpp->SerializeHelper::Serialize:450]	Matrix has no field "matrix_data" or no correct dimensions
2023/04/26 10:08:15 501264	WARNING [serialize_helper.cpp->SerializeHelper::Serialize:450]	Matrix has no field "matrix_data" or no correct dimensions
2023/04/26 10:08:15 599929	WARNING [serialize_helper.cpp->SerializeHelper::Serialize:450]	Matrix has no field "matrix_data" or no correct dimensions
2023/04/26 10:08:15 763689	WARNING [serialize_helper.cpp->SerializeHelper::Serialize:450]	Matrix has no field "matrix_data" or no correct dimensions
2023/04/26 10:08:15 795796	WARNING [serialize_helper.cpp->SerializeHelper::Serialize:450]	Matrix has no field "matrix_data" or no correct dimensions
2023/04/26 10:08:16 001747	WARNING [serialize_helper.cpp->SerializeHelper::Serialize:450]	Matrix has no field "matrix_data" or no correct dimensions
2023/04/26 10:08:16 106556	WARNING [serialize_helper.cpp->SerializeHelper::Serialize:450]	Matrix has no field "matrix_data" or no correct dimensions
2023/04/26 10:08:16 108399	WARNING [serialize_helper.cpp->SerializeHelper::Serialize:450]	Matrix has no field "matrix_data" or no correct dimensions
2023/04/26 10:08:16 247294	WARNING [serialize_helper.cpp->SerializeHelper::Serialize:450]	Matrix has no field "matrix_data" or no correct dimensions
2023/04/26 10:08:16 401672	WARNING [serialize_helper.cpp->SerializeHelper::Serialize:450]	Matrix has no field "matrix_data" or no correct dimensions
2023/04/26 10:08:16 526383	WARNING [serialize_helper.cpp->SerializeHelper::Serialize:450]	Matrix has no field "matrix_data" or no correct dimensions
2023/04/26 10:08:16 620009	WARNING [serialize_helper.cpp->SerializeHelper::Serialize:450]	Matrix has no field "matrix_data" or no correct dimensions
2023/04/26 10:08:16 744147	WARNING [serialize_helper.cpp->SerializeHelper::Serialize:450]	Matrix has no field "matrix_data" or no correct dimensions
2023/04/26 10:08:16 931773	WARNING [serialize_helper.cpp->SerializeHelper::Serialize:450]	Matrix has no field "matrix_data" or no correct dimensions
2023/04/26 10:08:16 992312	WARNING [serialize_helper.cpp->SerializeHelper::Serialize:450]	Matrix has no field "matrix_data" or no correct dimensions
2023/04/26 10:08:17 070862	WARNING [serialize_helper.cpp->SerializeHelper::Serialize:450]	Matrix has no field "matrix_data" or no correct dimensions
2023/04/26 10:08:17 243721	WARNING [serialize_helper.cpp->SerializeHelper::Serialize:450]	Matrix has no field "matrix_data" or no correct dimensions
2023/04/26 10:08:17 334103	WARNING [serialize_helper.cpp->SerializeHelper::Serialize:450]	Matrix has no field "matrix_data" or no correct dimensions
2023/04/26 10:08:17 459313	WARNING [serialize_helper.cpp->SerializeHelper::Serialize:450]	Matrix has no field "matrix_data" or no correct dimensions
2023/04/26 10:08:17 642693	WARNING [serialize_helper.cpp->SerializeHelper::Serialize:450]	Matrix has no field "matrix_data" or no correct dimensions
2023/04/26 10:08:17 724772	WARNING [serialize_helper.cpp->SerializeHelper::Serialize:450]	Matrix has no field "matrix_data" or no correct dimensions
2023/04/26 10:08:17 835478	WARNING [serialize_helper.cpp->SerializeHelper::Serialize:450]	Matrix has no field "matrix_data" or no correct dimensions
2023/04/26 10:08:17 896992	WARNING [serialize_helper.cpp->SerializeHelper::Serialize:450]	Matrix has no field "matrix_data" or no correct dimensions
2023/04/26 10:08:18 038362	WARNING [serialize_helper.cpp->SerializeHelper::Serialize:450]	Matrix has no field "matrix_data" or no correct dimensions
2023/04/26 10:08:18 099435	WARNING [serialize_helper.cpp->SerializeHelper::Serialize:450]	Matrix has no field "matrix_data" or no correct dimensions
2023/04/26 10:08:18 316551	WARNING [serialize_helper.cpp->SerializeHelper::Serialize:450]	Matrix has no field "matrix_data" or no correct dimensions
2023/04/26 10:08:18 395649	WARNING [serialize_helper.cpp->SerializeHelper::Serialize:450]	Matrix has no field "matrix_data" or no correct dimensions
2023/04/26 10:08:18 521608	WARNING [serialize_helper.cpp->SerializeHelper::Serialize:450]	Matrix has no field "matrix_data" or no correct dimensions
2023/04/26 10:08:18 640439	WARNING [serialize_helper.cpp->SerializeHelper::Serialize:450]	Matrix has no field "matrix_data" or no correct dimensions
2023/04/26 10:08:18 756350	WARNING [serialize_helper.cpp->SerializeHelper::Serialize:450]	Matrix has no field "matrix_data" or no correct dimensions
2023/04/26 10:08:18 851060	WARNING [serialize_helper.cpp->SerializeHelper::Serialize:450]	Matrix has no field "matrix_data" or no correct dimensions
2023/04/26 10:08:19 052627	WARNING [serialize_helper.cpp->SerializeHelper::Serialize:450]	Matrix has no field "matrix_data" or no correct dimensions
2023/04/26 10:08:19 053268	WARNING [serialize_helper.cpp->SerializeHelper::Serialize:450]	Matrix has no field "matrix_data" or no correct dimensions
2023/04/26 10:08:19 239762	WARNING [serialize_helper.cpp->SerializeHelper::Serialize:450]	Matrix has no field "matrix_data" or no correct dimensions
2023/04/26 10:08:19 427101	WARNING [serialize_helper.cpp->SerializeHelper::Serialize:450]	Matrix has no field "matrix_data" or no correct dimensions
2023/04/26 10:08:19 488547	WARNING [serialize_helper.cpp->SerializeHelper::Serialize:450]	Matrix has no field "matrix_data" or no correct dimensions
2023/04/26 10:08:19 581278	WARNING [serialize_helper.cpp->SerializeHelper::Serialize:450]	Matrix has no field "matrix_data" or no correct dimensions
2023/04/26 10:08:19 745914	WARNING [serialize_helper.cpp->SerializeHelper::Serialize:450]	Matrix has no field "matrix_data" or no correct dimensions
2023/04/26 10:08:19 830865	WARNING [serialize_helper.cpp->SerializeHelper::Serialize:450]	Matrix has no field "matrix_data" or no correct dimensions
2023/04/26 10:08:19 988009	WARNING [serialize_helper.cpp->SerializeHelper::Serialize:450]	Matrix has no field "matrix_data" or no correct dimensions
2023/04/26 10:08:20 032000	WARNING [serialize_helper.cpp->SerializeHelper::Serialize:450]	Matrix has no field "matrix_data" or no correct dimensions
2023/04/26 10:08:20 170827	WARNING [serialize_helper.cpp->SerializeHelper::Serialize:450]	Matrix has no field "matrix_data" or no correct dimensions
2023/04/26 10:08:20 281199	WARNING [serialize_helper.cpp->SerializeHelper::Serialize:450]	Matrix has no field "matrix_data" or no correct dimensions
2023/04/26 10:08:20 435814	WARNING [serialize_helper.cpp->SerializeHelper::Serialize:450]	Matrix has no field "matrix_data" or no correct dimensions
2023/04/26 10:08:20 574608	WARNING [serialize_helper.cpp->SerializeHelper::Serialize:450]	Matrix has no field "matrix_data" or no correct dimensions
2023/04/26 10:08:20 665848	WARNING [serialize_helper.cpp->SerializeHelper::Serialize:450]	Matrix has no field "matrix_data" or no correct dimensions
2023/04/26 10:08:20 763569	WARNING [serialize_helper.cpp->SerializeHelper::Serialize:450]	Matrix has no field "matrix_data" or no correct dimensions
2023/04/26 10:08:20 840983	WARNING [serialize_helper.cpp->SerializeHelper::Serialize:450]	Matrix has no field "matrix_data" or no correct dimensions
2023/04/26 10:08:20 920577	WARNING [serialize_helper.cpp->SerializeHelper::Serialize:450]	Matrix has no field "matrix_data" or no correct dimensions
2023/04/26 10:08:21 058583	WARNING [serialize_helper.cpp->SerializeHelper::Serialize:450]	Matrix has no field "matrix_data" or no correct dimensions
2023/04/26 10:08:21 248838	WARNING [serialize_helper.cpp->SerializeHelper::Serialize:450]	Matrix has no field "matrix_data" or no correct dimensions
2023/04/26 10:08:21 276563	WARNING [serialize_helper.cpp->SerializeHelper::Serialize:450]	Matrix has no field "matrix_data" or no correct dimensions
2023/04/26 10:08:21 482582	WARNING [serialize_helper.cpp->SerializeHelper::Serialize:450]	Matrix has no field "matrix_data" or no correct dimensions
2023/04/26 10:08:21 572090	WARNING [serialize_helper.cpp->SerializeHelper::Serialize:450]	Matrix has no field "matrix_data" or no correct dimensions
2023/04/26 10:08:21 665593	WARNING [serialize_helper.cpp->SerializeHelper::Serialize:450]	Matrix has no field "matrix_data" or no correct dimensions
2023/04/26 10:08:21 795052	WARNING [serialize_helper.cpp->SerializeHelper::Serialize:450]	Matrix has no field "matrix_data" or no correct dimensions
2023/04/26 10:08:21 927932	WARNING [serialize_helper.cpp->SerializeHelper::Serialize:450]	Matrix has no field "matrix_data" or no correct dimensions
2023/04/26 10:08:22 085489	WARNING [serialize_helper.cpp->SerializeHelper::Serialize:450]	Matrix has no field "matrix_data" or no correct dimensions
2023/04/26 10:08:22 086301	WARNING [serialize_helper.cpp->SerializeHelper::Serialize:450]	Matrix has no field "matrix_data" or no correct dimensions
2023/04/26 10:08:22 208514	WARNING [serialize_helper.cpp->SerializeHelper::Serialize:450]	Matrix has no field "matrix_data" or no correct dimensions
2023/04/26 10:08:22 364768	WARNING [serialize_helper.cpp->SerializeHelper::Serialize:450]	Matrix has no field "matrix_data" or no correct dimensions
2023/04/26 10:08:22 444542	WARNING [serialize_helper.cpp->SerializeHelper::Serialize:450]	Matrix has no field "matrix_data" or no correct dimensions
2023/04/26 10:08:22 502608	WARNING [serialize_helper.cpp->SerializeHelper::Serialize:450]	Matrix has no field "matrix_data" or no correct dimensions
2023/04/26 10:08:22 720515	WARNING [serialize_helper.cpp->SerializeHelper::Serialize:450]	Matrix has no field "matrix_data" or no correct dimensions
2023/04/26 10:08:22 721657	WARNING [serialize_helper.cpp->SerializeHelper::Serialize:450]	Matrix has no field "matrix_data" or no correct dimensions
2023/04/26 10:08:22 877287	WARNING [serialize_helper.cpp->SerializeHelper::Serialize:450]	Matrix has no field "matrix_data" or no correct dimensions
2023/04/26 10:08:23 030155	WARNING [serialize_helper.cpp->SerializeHelper::Serialize:450]	Matrix has no field "matrix_data" or no correct dimensions
2023/04/26 10:08:23 108644	WARNING [serialize_helper.cpp->SerializeHelper::Serialize:450]	Matrix has no field "matrix_data" or no correct dimensions
2023/04/26 10:08:23 218675	WARNING [serialize_helper.cpp->SerializeHelper::Serialize:450]	Matrix has no field "matrix_data" or no correct dimensions
2023/04/26 10:08:23 347551	WARNING [serialize_helper.cpp->SerializeHelper::Serialize:450]	Matrix has no field "matrix_data" or no correct dimensions
2023/04/26 10:08:23 434783	WARNING [serialize_helper.cpp->SerializeHelper::Serialize:450]	Matrix has no field "matrix_data" or no correct dimensions
2023/04/26 10:08:23 562022	WARNING [serialize_helper.cpp->SerializeHelper::Serialize:450]	Matrix has no field "matrix_data" or no correct dimensions
2023/04/26 10:08:23 683310	WARNING [serialize_helper.cpp->SerializeHelper::Serialize:450]	Matrix has no field "matrix_data" or no correct dimensions
2023/04/26 10:08:23 851706	WARNING [serialize_helper.cpp->SerializeHelper::Serialize:450]	Matrix has no field "matrix_data" or no correct dimensions
2023/04/26 10:08:23 898616	WARNING [serialize_helper.cpp->SerializeHelper::Serialize:450]	Matrix has no field "matrix_data" or no correct dimensions
2023/04/26 10:08:24 037476	WARNING [serialize_helper.cpp->SerializeHelper::Serialize:450]	Matrix has no field "matrix_data" or no correct dimensions
2023/04/26 10:08:24 238942	WARNING [serialize_helper.cpp->SerializeHelper::Serialize:450]	Matrix has no field "matrix_data" or no correct dimensions
2023/04/26 10:08:24 271545	WARNING [serialize_helper.cpp->SerializeHelper::Serialize:450]	Matrix has no field "matrix_data" or no correct dimensions
2023/04/26 10:08:24 379355	WARNING [serialize_helper.cpp->SerializeHelper::Serialize:450]	Matrix has no field "matrix_data" or no correct dimensions
2023/04/26 10:08:24 549833	WARNING [serialize_helper.cpp->SerializeHelper::Serialize:450]	Matrix has no field "matrix_data" or no correct dimensions
2023/04/26 10:08:24 596903	WARNING [serialize_helper.cpp->SerializeHelper::Serialize:450]	Matrix has no field "matrix_data" or no correct dimensions
2023/04/26 10:08:24 704809	WARNING [serialize_helper.cpp->SerializeHelper::Serialize:450]	Matrix has no field "matrix_data" or no correct dimensions
2023/04/26 10:08:24 882981	WARNING [serialize_helper.cpp->SerializeHelper::Serialize:450]	Matrix has no field "matrix_data" or no correct dimensions
2023/04/26 10:08:24 907210	WARNING [serialize_helper.cpp->SerializeHelper::Serialize:450]	Matrix has no field "matrix_data" or no correct dimensions
2023/04/26 10:08:25 063607	WARNING [serialize_helper.cpp->SerializeHelper::Serialize:450]	Matrix has no field "matrix_data" or no correct dimensions
2023/04/26 10:08:25 205088	WARNING [serialize_helper.cpp->SerializeHelper::Serialize:450]	Matrix has no field "matrix_data" or no correct dimensions
2023/04/26 10:08:25 267920	WARNING [serialize_helper.cpp->SerializeHelper::Serialize:450]	Matrix has no field "matrix_data" or no correct dimensions
2023/04/26 10:08:25 378049	WARNING [serialize_helper.cpp->SerializeHelper::Serialize:450]	Matrix has no field "matrix_data" or no correct dimensions
2023/04/26 10:08:25 503283	WARNING [serialize_helper.cpp->SerializeHelper::Serialize:450]	Matrix has no field "matrix_data" or no correct dimensions
2023/04/26 10:08:25 640180	WARNING [serialize_helper.cpp->SerializeHelper::Serialize:450]	Matrix has no field "matrix_data" or no correct dimensions
2023/04/26 10:08:25 734624	WARNING [serialize_helper.cpp->SerializeHelper::Serialize:450]	Matrix has no field "matrix_data" or no correct dimensions
2023/04/26 10:08:25 951159	WARNING [serialize_helper.cpp->SerializeHelper::Serialize:450]	Matrix has no field "matrix_data" or no correct dimensions
2023/04/26 10:08:25 983955	WARNING [serialize_helper.cpp->SerializeHelper::Serialize:450]	Matrix has no field "matrix_data" or no correct dimensions
2023/04/26 10:08:26 093681	WARNING [serialize_helper.cpp->SerializeHelper::Serialize:450]	Matrix has no field "matrix_data" or no correct dimensions
2023/04/26 10:08:26 283009	WARNING [serialize_helper.cpp->SerializeHelper::Serialize:450]	Matrix has no field "matrix_data" or no correct dimensions
2023/04/26 10:08:26 327041	WARNING [serialize_helper.cpp->SerializeHelper::Serialize:450]	Matrix has no field "matrix_data" or no correct dimensions
2023/04/26 10:08:26 482624	WARNING [serialize_helper.cpp->SerializeHelper::Serialize:450]	Matrix has no field "matrix_data" or no correct dimensions
2023/04/26 10:08:26 642648	WARNING [serialize_helper.cpp->SerializeHelper::Serialize:450]	Matrix has no field "matrix_data" or no correct dimensions
2023/04/26 10:08:26 741717	WARNING [serialize_helper.cpp->SerializeHelper::Serialize:450]	Matrix has no field "matrix_data" or no correct dimensions
2023/04/26 10:08:26 882137	WARNING [serialize_helper.cpp->SerializeHelper::Serialize:450]	Matrix has no field "matrix_data" or no correct dimensions
2023/04/26 10:08:26 903206	WARNING [serialize_helper.cpp->SerializeHelper::Serialize:450]	Matrix has no field "matrix_data" or no correct dimensions
2023/04/26 10:08:27 072722	WARNING [serialize_helper.cpp->SerializeHelper::Serialize:450]	Matrix has no field "matrix_data" or no correct dimensions
2023/04/26 10:08:27 103459	WARNING [serialize_helper.cpp->SerializeHelper::Serialize:450]	Matrix has no field "matrix_data" or no correct dimensions
2023/04/26 10:08:27 258714	WARNING [serialize_helper.cpp->SerializeHelper::Serialize:450]	Matrix has no field "matrix_data" or no correct dimensions
2023/04/26 10:08:27 352486	WARNING [serialize_helper.cpp->SerializeHelper::Serialize:450]	Matrix has no field "matrix_data" or no correct dimensions
2023/04/26 10:08:27 476052	WARNING [serialize_helper.cpp->SerializeHelper::Serialize:450]	Matrix has no field "matrix_data" or no correct dimensions
2023/04/26 10:08:27 646962	WARNING [serialize_helper.cpp->SerializeHelper::Serialize:450]	Matrix has no field "matrix_data" or no correct dimensions
2023/04/26 10:08:27 883027	WARNING [serialize_helper.cpp->SerializeHelper::Serialize:450]	Matrix has no field "matrix_data" or no correct dimensions
2023/04/26 10:08:27 896896	WARNING [serialize_helper.cpp->SerializeHelper::Serialize:450]	Matrix has no field "matrix_data" or no correct dimensions
2023/04/26 10:08:27 976016	WARNING [serialize_helper.cpp->SerializeHelper::Serialize:450]	Matrix has no field "matrix_data" or no correct dimensions
2023/04/26 10:08:28 023742	WARNING [serialize_helper.cpp->SerializeHelper::Serialize:450]	Matrix has no field "matrix_data" or no correct dimensions
2023/04/26 10:08:28 193085	WARNING [serialize_helper.cpp->SerializeHelper::Serialize:450]	Matrix has no field "matrix_data" or no correct dimensions
2023/04/26 10:08:28 379582	WARNING [serialize_helper.cpp->SerializeHelper::Serialize:450]	Matrix has no field "matrix_data" or no correct dimensions
2023/04/26 10:08:28 442417	WARNING [serialize_helper.cpp->SerializeHelper::Serialize:450]	Matrix has no field "matrix_data" or no correct dimensions
2023/04/26 10:08:28 566620	WARNING [serialize_helper.cpp->SerializeHelper::Serialize:450]	Matrix has no field "matrix_data" or no correct dimensions
2023/04/26 10:08:28 660852	WARNING [serialize_helper.cpp->SerializeHelper::Serialize:450]	Matrix has no field "matrix_data" or no correct dimensions
2023/04/26 10:08:28 790589	WARNING [serialize_helper.cpp->SerializeHelper::Serialize:450]	Matrix has no field "matrix_data" or no correct dimensions
2023/04/26 10:08:28 862463	WARNING [serialize_helper.cpp->SerializeHelper::Serialize:450]	Matrix has no field "matrix_data" or no correct dimensions
2023/04/26 10:08:28 973032	WARNING [serialize_helper.cpp->SerializeHelper::Serialize:450]	Matrix has no field "matrix_data" or no correct dimensions
2023/04/26 10:08:29 143230	WARNING [serialize_helper.cpp->SerializeHelper::Serialize:450]	Matrix has no field "matrix_data" or no correct dimensions
2023/04/26 10:08:29 268357	WARNING [serialize_helper.cpp->SerializeHelper::Serialize:450]	Matrix has no field "matrix_data" or no correct dimensions
2023/04/26 10:08:29 416607	WARNING [serialize_helper.cpp->SerializeHelper::Serialize:450]	Matrix has no field "matrix_data" or no correct dimensions
2023/04/26 10:08:29 485687	WARNING [serialize_helper.cpp->SerializeHelper::Serialize:450]	Matrix has no field "matrix_data" or no correct dimensions
2023/04/26 10:08:29 688255	WARNING [serialize_helper.cpp->SerializeHelper::Serialize:450]	Matrix has no field "matrix_data" or no correct dimensions
2023/04/26 10:08:29 782121	WARNING [serialize_helper.cpp->SerializeHelper::Serialize:450]	Matrix has no field "matrix_data" or no correct dimensions
2023/04/26 10:08:29 843721	WARNING [serialize_helper.cpp->SerializeHelper::Serialize:450]	Matrix has no field "matrix_data" or no correct dimensions
2023/04/26 10:08:29 970028	WARNING [serialize_helper.cpp->SerializeHelper::Serialize:450]	Matrix has no field "matrix_data" or no correct dimensions
2023/04/26 10:08:30 017491	WARNING [serialize_helper.cpp->SerializeHelper::Serialize:450]	Matrix has no field "matrix_data" or no correct dimensions
2023/04/26 10:08:30 171231	WARNING [serialize_helper.cpp->SerializeHelper::Serialize:450]	Matrix has no field "matrix_data" or no correct dimensions
2023/04/26 10:08:30 234572	WARNING [serialize_helper.cpp->SerializeHelper::Serialize:450]	Matrix has no field "matrix_data" or no correct dimensions
2023/04/26 10:08:30 407577	WARNING [serialize_helper.cpp->SerializeHelper::Serialize:450]	Matrix has no field "matrix_data" or no correct dimensions
2023/04/26 10:08:30 484556	WARNING [serialize_helper.cpp->SerializeHelper::Serialize:450]	Matrix has no field "matrix_data" or no correct dimensions
2023/04/26 10:08:30 578886	WARNING [serialize_helper.cpp->SerializeHelper::Serialize:450]	Matrix has no field "matrix_data" or no correct dimensions
2023/04/26 10:08:57 254398	WARNING [serialize_helper.cpp->SerializeHelper::Serialize:450]	Matrix has no field "matrix_data" or no correct dimensions
2023/04/26 10:08:57 456011	WARNING [serialize_helper.cpp->SerializeHelper::Serialize:450]	Matrix has no field "matrix_data" or no correct dimensions
2023/04/26 10:08:57 543453	WARNING [serialize_helper.cpp->SerializeHelper::Serialize:450]	Matrix has no field "matrix_data" or no correct dimensions
2023/04/26 10:08:57 566241	WARNING [serialize_helper.cpp->SerializeHelper::Serialize:450]	Matrix has no field "matrix_data" or no correct dimensions
2023/04/26 10:08:57 706647	WARNING [serialize_helper.cpp->SerializeHelper::Serialize:450]	Matrix has no field "matrix_data" or no correct dimensions
2023/04/26 10:08:57 845809	WARNING [serialize_helper.cpp->SerializeHelper::Serialize:450]	Matrix has no field "matrix_data" or no correct dimensions
2023/04/26 10:08:57 971123	WARNING [serialize_helper.cpp->SerializeHelper::Serialize:450]	Matrix has no field "matrix_data" or no correct dimensions
2023/04/26 10:08:58 064306	WARNING [serialize_helper.cpp->SerializeHelper::Serialize:450]	Matrix has no field "matrix_data" or no correct dimensions
2023/04/26 10:08:58 126273	WARNING [serialize_helper.cpp->SerializeHelper::Serialize:450]	Matrix has no field "matrix_data" or no correct dimensions
2023/04/26 10:08:58 311668	WARNING [serialize_helper.cpp->SerializeHelper::Serialize:450]	Matrix has no field "matrix_data" or no correct dimensions
2023/04/26 10:08:58 407457	WARNING [serialize_helper.cpp->SerializeHelper::Serialize:450]	Matrix has no field "matrix_data" or no correct dimensions
2023/04/26 10:08:58 517504	WARNING [serialize_helper.cpp->SerializeHelper::Serialize:450]	Matrix has no field "matrix_data" or no correct dimensions
2023/04/26 10:08:58 625813	WARNING [serialize_helper.cpp->SerializeHelper::Serialize:450]	Matrix has no field "matrix_data" or no correct dimensions
2023/04/26 10:08:58 811043	WARNING [serialize_helper.cpp->SerializeHelper::Serialize:450]	Matrix has no field "matrix_data" or no correct dimensions
2023/04/26 10:08:58 887149	WARNING [serialize_helper.cpp->SerializeHelper::Serialize:450]	Matrix has no field "matrix_data" or no correct dimensions
2023/04/26 10:08:58 987427	WARNING [serialize_helper.cpp->SerializeHelper::Serialize:450]	Matrix has no field "matrix_data" or no correct dimensions
2023/04/26 10:08:59 183902	WARNING [serialize_helper.cpp->SerializeHelper::Serialize:450]	Matrix has no field "matrix_data" or no correct dimensions
2023/04/26 10:08:59 293265	WARNING [serialize_helper.cpp->SerializeHelper::Serialize:450]	Matrix has no field "matrix_data" or no correct dimensions
2023/04/26 10:08:59 294901	WARNING [serialize_helper.cpp->SerializeHelper::Serialize:450]	Matrix has no field "matrix_data" or no correct dimensions
2023/04/26 10:08:59 482495	WARNING [serialize_helper.cpp->SerializeHelper::Serialize:450]	Matrix has no field "matrix_data" or no correct dimensions
2023/04/26 10:08:59 624666	WARNING [serialize_helper.cpp->SerializeHelper::Serialize:450]	Matrix has no field "matrix_data" or no correct dimensions
2023/04/26 10:08:59 714280	WARNING [serialize_helper.cpp->SerializeHelper::Serialize:450]	Matrix has no field "matrix_data" or no correct dimensions
2023/04/26 10:08:59 812653	WARNING [serialize_helper.cpp->SerializeHelper::Serialize:450]	Matrix has no field "matrix_data" or no correct dimensions
2023/04/26 10:08:59 898251	WARNING [serialize_helper.cpp->SerializeHelper::Serialize:450]	Matrix has no field "matrix_data" or no correct dimensions
2023/04/26 10:09:00 059081	WARNING [serialize_helper.cpp->SerializeHelper::Serialize:450]	Matrix has no field "matrix_data" or no correct dimensions
2023/04/26 10:09:00 196787	WARNING [serialize_helper.cpp->SerializeHelper::Serialize:450]	Matrix has no field "matrix_data" or no correct dimensions
2023/04/26 10:09:00 317145	WARNING [serialize_helper.cpp->SerializeHelper::Serialize:450]	Matrix has no field "matrix_data" or no correct dimensions
2023/04/26 10:09:00 349117	WARNING [serialize_helper.cpp->SerializeHelper::Serialize:450]	Matrix has no field "matrix_data" or no correct dimensions
2023/04/26 10:09:00 494084	WARNING [serialize_helper.cpp->SerializeHelper::Serialize:450]	Matrix has no field "matrix_data" or no correct dimensions
2023/04/26 10:09:00 586710	WARNING [serialize_helper.cpp->SerializeHelper::Serialize:450]	Matrix has no field "matrix_data" or no correct dimensions
2023/04/26 10:09:00 678170	WARNING [serialize_helper.cpp->SerializeHelper::Serialize:450]	Matrix has no field "matrix_data" or no correct dimensions
2023/04/26 10:09:00 855185	WARNING [serialize_helper.cpp->SerializeHelper::Serialize:450]	Matrix has no field "matrix_data" or no correct dimensions
2023/04/26 10:09:00 987443	WARNING [serialize_helper.cpp->SerializeHelper::Serialize:450]	Matrix has no field "matrix_data" or no correct dimensions
2023/04/26 10:09:01 034385	WARNING [serialize_helper.cpp->SerializeHelper::Serialize:450]	Matrix has no field "matrix_data" or no correct dimensions
2023/04/26 10:09:01 144242	WARNING [serialize_helper.cpp->SerializeHelper::Serialize:450]	Matrix has no field "matrix_data" or no correct dimensions
2023/04/26 10:09:01 267630	WARNING [serialize_helper.cpp->SerializeHelper::Serialize:450]	Matrix has no field "matrix_data" or no correct dimensions
2023/04/26 10:09:01 345674	WARNING [serialize_helper.cpp->SerializeHelper::Serialize:450]	Matrix has no field "matrix_data" or no correct dimensions
2023/04/26 10:09:01 515519	WARNING [serialize_helper.cpp->SerializeHelper::Serialize:450]	Matrix has no field "matrix_data" or no correct dimensions
2023/04/26 10:09:01 549063	WARNING [serialize_helper.cpp->SerializeHelper::Serialize:450]	Matrix has no field "matrix_data" or no correct dimensions
2023/04/26 10:09:01 738676	WARNING [serialize_helper.cpp->SerializeHelper::Serialize:450]	Matrix has no field "matrix_data" or no correct dimensions
2023/04/26 10:09:01 754104	WARNING [serialize_helper.cpp->SerializeHelper::Serialize:450]	Matrix has no field "matrix_data" or no correct dimensions
2023/04/26 10:09:02 098414	WARNING [serialize_helper.cpp->SerializeHelper::Serialize:450]	Matrix has no field "matrix_data" or no correct dimensions
2023/04/26 10:09:02 168075	WARNING [serialize_helper.cpp->SerializeHelper::Serialize:450]	Matrix has no field "matrix_data" or no correct dimensions
2023/04/26 10:09:02 266840	WARNING [serialize_helper.cpp->SerializeHelper::Serialize:450]	Matrix has no field "matrix_data" or no correct dimensions
2023/04/26 10:09:02 348885	WARNING [serialize_helper.cpp->SerializeHelper::Serialize:450]	Matrix has no field "matrix_data" or no correct dimensions
2023/04/26 10:09:02 473722	WARNING [serialize_helper.cpp->SerializeHelper::Serialize:450]	Matrix has no field "matrix_data" or no correct dimensions
2023/04/26 10:09:02 505617	WARNING [serialize_helper.cpp->SerializeHelper::Serialize:450]	Matrix has no field "matrix_data" or no correct dimensions
2023/04/26 10:09:02 631799	WARNING [serialize_helper.cpp->SerializeHelper::Serialize:450]	Matrix has no field "matrix_data" or no correct dimensions
2023/04/26 10:09:02 837887	WARNING [serialize_helper.cpp->SerializeHelper::Serialize:450]	Matrix has no field "matrix_data" or no correct dimensions
2023/04/26 10:09:02 963170	WARNING [serialize_helper.cpp->SerializeHelper::Serialize:450]	Matrix has no field "matrix_data" or no correct dimensions
2023/04/26 10:09:03 005053	WARNING [serialize_helper.cpp->SerializeHelper::Serialize:450]	Matrix has no field "matrix_data" or no correct dimensions
2023/04/26 10:09:03 209601	WARNING [serialize_helper.cpp->SerializeHelper::Serialize:450]	Matrix has no field "matrix_data" or no correct dimensions
2023/04/26 10:09:03 276300	WARNING [serialize_helper.cpp->SerializeHelper::Serialize:450]	Matrix has no field "matrix_data" or no correct dimensions
2023/04/26 10:09:03 324184	INFO [python_manager.cpp->PythonManager::Death:637]	Death()
