		g3log created log at: Thu Mar 09 15:24:24 2023
		LOG format: [YYYY/MM/DD hh:mm:ss uuu* LEVEL FILE->FUNCTION:LINE] messagen
		(uuu*: microseconds fractions of the seconds value)

2023/03/09 15:24:24 616821	INFO [python_manager.cpp->PythonManager::InitializePython:127]	Initializing Python ... 
2023/03/09 15:24:24 635774	INFO [python_manager.cpp->PythonManager::InitializePython:129]	Initializing Python DONE... 
2023/03/09 15:24:24 635784	INFO [python_manager.cpp->PythonManager::InitNumpy:172]	Init numpy... 
2023/03/09 15:24:24 745011	INFO [python_manager.cpp->PythonManager::InitNumpy:174]	Init numpy DONE... 
2023/03/09 15:27:22 574171	INFO [python_manager.cpp->PythonManager::Death:637]	Death()
2023/03/09 15:30:28 114793	INFO [python_manager.cpp->PythonManager::Death:637]	Death()
2023/03/09 15:30:35 329421	INFO [python_manager.cpp->PythonManager::Death:637]	Death()
2023/03/09 15:30:56 801987	INFO [python_manager.cpp->PythonManager::Death:637]	Death()
2023/03/09 15:31:06 158878	INFO [python_manager.cpp->PythonManager::Death:637]	Death()
2023/03/09 15:31:58 283482	INFO [python_manager.cpp->PythonManager::Death:637]	Death()
2023/03/09 15:36:39 050487	INFO [python_manager.cpp->PythonManager::Death:637]	Death()
2023/03/09 15:39:32 947900	INFO [python_manager.cpp->PythonManager::Death:637]	Death()
2023/03/09 15:42:28 011337	INFO [python_manager.cpp->PythonManager::Death:637]	Death()
2023/03/09 15:42:57 214096	INFO [python_manager.cpp->PythonManager::Death:637]	Death()
2023/03/09 15:45:29 585111	INFO [python_manager.cpp->PythonManager::Death:637]	Death()
2023/03/09 15:47:08 475331	INFO [python_manager.cpp->PythonManager::Death:637]	Death()
2023/03/09 15:57:29 971084	INFO [python_manager.cpp->PythonManager::Death:637]	Death()
2023/03/09 15:58:36 776883	INFO [python_manager.cpp->PythonManager::Death:637]	Death()
2023/03/09 15:58:45 096004	INFO [python_manager.cpp->PythonManager::Death:637]	Death()
2023/03/09 15:59:10 908833	INFO [python_manager.cpp->PythonManager::Death:637]	Death()
2023/03/09 15:59:16 815523	INFO [python_manager.cpp->PythonManager::Death:637]	Death()
2023/03/09 16:00:40 883108	INFO [python_manager.cpp->PythonManager::Death:637]	Death()
2023/03/09 16:03:08 342085	INFO [python_manager.cpp->PythonManager::Death:637]	Death()
2023/03/09 16:04:51 046379	INFO [python_manager.cpp->PythonManager::Death:637]	Death()
2023/03/09 16:06:32 970496	INFO [python_manager.cpp->PythonManager::Death:637]	Death()
2023/03/09 16:07:24 920823	INFO [python_manager.cpp->PythonManager::Death:637]	Death()
2023/03/09 16:08:24 254918	WARNING [python_manager.cpp->PythonManager::CheckForErrors:745]	Error, traceback : ['Traceback (most recent call last):
', '  File "C:/Users/user/OneDrive - ESTACA/Documents/GitHub/ESTADRIVE_23/Main_Perception/PythonBridges\\BlocTracking.py", line 311, in Core
    matched_ids, matched_boxes, unmatched_detections, unmatched_trackers = Association(Ids,self.trackingIds,Boxes,self.trackingBoxes,self.seuilIOU)
', '  File "C:/Users/user/OneDrive - ESTACA/Documents/GitHub/ESTADRIVE_23/Main_Perception/PythonBridges\\BlocTracking.py", line 121, in Association
    matches,unmatched_detections,unmatched_trackers = prepareAssociation(MatIOU,detectionIds,trackingIds,seuil_iou)
', '  File "C:/Users/user/OneDrive - ESTACA/Documents/GitHub/ESTADRIVE_23/Main_Perception/PythonBridges\\BlocTracking.py", line 83, in prepareAssociation
    row_ind,col_ind = linear_sum_assignment(-MatrixIOU)
', '  File "C:\\Users\\user\\AppData\\Local\\Programs\\Python\\Python38\\lib\\site-packages\\scipy\\optimize\\_lsap.py", line 100, in linear_sum_assignment
    return _lsap_module.calculate_assignment(cost_matrix)
', 'ValueError: matrix contains invalid numeric entries
']
2023/03/09 16:08:24 275232	INFO [python_manager.cpp->PythonManager::Death:637]	Death()
2023/03/09 16:09:45 147193	INFO [python_manager.cpp->PythonManager::Death:637]	Death()
2023/03/09 16:10:27 553785	INFO [python_manager.cpp->PythonManager::Death:637]	Death()
2023/03/09 16:11:29 150018	INFO [python_manager.cpp->PythonManager::Death:637]	Death()
2023/03/09 16:22:30 110704	INFO [python_manager.cpp->PythonManager::Death:637]	Death()
2023/03/09 16:36:44 293734	INFO [python_manager.cpp->PythonManager::Death:637]	Death()
2023/03/09 16:37:12 452380	INFO [python_manager.cpp->PythonManager::Death:637]	Death()
2023/03/09 16:40:08 899767	INFO [python_manager.cpp->PythonManager::Death:637]	Death()
2023/03/09 16:52:47 694969	INFO [python_manager.cpp->PythonManager::Death:637]	Death()
2023/03/09 16:54:08 494683	INFO [python_manager.cpp->PythonManager::Death:637]	Death()
2023/03/09 16:57:04 016729	INFO [python_manager.cpp->PythonManager::ProcessRTMapsAction:210]	Exiting now! All went well.
