		g3log created log at: Fri Mar 10 14:21:35 2023
		LOG format: [YYYY/MM/DD hh:mm:ss uuu* LEVEL FILE->FUNCTION:LINE] messagen
		(uuu*: microseconds fractions of the seconds value)

2023/03/10 14:21:35 119709	INFO [python_manager.cpp->PythonManager::InitializePython:127]	Initializing Python ... 
2023/03/10 14:21:35 138132	INFO [python_manager.cpp->PythonManager::InitializePython:129]	Initializing Python DONE... 
2023/03/10 14:21:35 138140	INFO [python_manager.cpp->PythonManager::InitNumpy:172]	Init numpy... 
2023/03/10 14:21:35 245048	INFO [python_manager.cpp->PythonManager::InitNumpy:174]	Init numpy DONE... 
2023/03/10 14:22:45 350179	INFO [python_manager.cpp->PythonManager::Death:637]	Death()
2023/03/10 14:24:57 988720	INFO [python_manager.cpp->PythonManager::Death:637]	Death()
2023/03/10 14:27:57 835234	INFO [python_manager.cpp->PythonManager::Death:637]	Death()
2023/03/10 14:42:39 740852	INFO [python_manager.cpp->PythonManager::Death:637]	Death()
2023/03/10 14:45:40 081335	INFO [python_manager.cpp->PythonManager::Death:637]	Death()
2023/03/10 14:45:59 021078	INFO [python_manager.cpp->PythonManager::Death:637]	Death()
2023/03/10 14:52:18 492989	INFO [python_manager.cpp->PythonManager::Death:637]	Death()
2023/03/10 14:52:43 991277	INFO [python_manager.cpp->PythonManager::Death:637]	Death()
2023/03/10 14:53:52 012960	INFO [python_manager.cpp->PythonManager::Death:637]	Death()
2023/03/10 14:55:00 699287	INFO [python_manager.cpp->PythonManager::Death:637]	Death()
2023/03/10 15:03:41 492799	INFO [python_manager.cpp->PythonManager::Death:637]	Death()
2023/03/10 15:04:49 756384	INFO [python_manager.cpp->PythonManager::Death:637]	Death()
2023/03/10 15:06:01 918204	INFO [python_manager.cpp->PythonManager::Death:637]	Death()
2023/03/10 15:06:36 587001	INFO [python_manager.cpp->PythonManager::Death:637]	Death()
2023/03/10 15:09:48 197056	INFO [python_manager.cpp->PythonManager::Death:637]	Death()
