		g3log created log at: Thu Apr 06 12:14:09 2023
		LOG format: [YYYY/MM/DD hh:mm:ss uuu* LEVEL FILE->FUNCTION:LINE] messagen
		(uuu*: microseconds fractions of the seconds value)

2023/04/06 12:14:09 378996	INFO [python_manager.cpp->PythonManager::InitializePython:127]	Initializing Python ... 
2023/04/06 12:14:09 397130	INFO [python_manager.cpp->PythonManager::InitializePython:129]	Initializing Python DONE... 
2023/04/06 12:14:09 397139	INFO [python_manager.cpp->PythonManager::InitNumpy:172]	Init numpy... 
2023/04/06 12:14:09 506007	INFO [python_manager.cpp->PythonManager::InitNumpy:174]	Init numpy DONE... 
2023/04/06 12:15:01 897041	INFO [python_manager.cpp->PythonManager::Death:637]	Death()
2023/04/06 12:15:26 202736	INFO [python_manager.cpp->PythonManager::Death:637]	Death()
2023/04/06 12:16:56 889666	INFO [python_manager.cpp->PythonManager::Death:637]	Death()
2023/04/06 12:19:46 741257	INFO [python_manager.cpp->PythonManager::Death:637]	Death()
2023/04/06 12:20:03 034459	INFO [python_manager.cpp->PythonManager::Death:637]	Death()
2023/04/06 12:22:48 443965	INFO [python_manager.cpp->PythonManager::Death:637]	Death()
2023/04/06 12:25:24 388415	INFO [python_manager.cpp->PythonManager::Death:637]	Death()
2023/04/06 12:26:03 732993	INFO [python_manager.cpp->PythonManager::Death:637]	Death()
2023/04/06 12:27:24 832938	INFO [python_manager.cpp->PythonManager::Death:637]	Death()
2023/04/06 12:27:38 932139	INFO [python_manager.cpp->PythonManager::Death:637]	Death()
2023/04/06 12:35:12 668359	INFO [python_manager.cpp->PythonManager::Death:637]	Death()
2023/04/06 13:44:22 434349	INFO [python_manager.cpp->PythonManager::Death:637]	Death()
2023/04/06 13:44:50 359638	INFO [python_manager.cpp->PythonManager::Death:637]	Death()
2023/04/06 13:46:41 674314	INFO [python_manager.cpp->PythonManager::Death:637]	Death()
2023/04/06 13:48:24 887510	INFO [python_manager.cpp->PythonManager::ProcessRTMapsAction:210]	Exiting now! All went well.
