		g3log created log at: Mon Mar 06 14:03:53 2023
		LOG format: [YYYY/MM/DD hh:mm:ss uuu* LEVEL FILE->FUNCTION:LINE] messagen
		(uuu*: microseconds fractions of the seconds value)

2023/03/06 14:03:53 745702	INFO [python_manager.cpp->PythonManager::InitializePython:127]	Initializing Python ... 
2023/03/06 14:03:53 763963	INFO [python_manager.cpp->PythonManager::InitializePython:129]	Initializing Python DONE... 
2023/03/06 14:03:53 763970	INFO [python_manager.cpp->PythonManager::InitNumpy:172]	Init numpy... 
2023/03/06 14:03:53 872872	INFO [python_manager.cpp->PythonManager::InitNumpy:174]	Init numpy DONE... 
2023/03/06 14:05:06 262846	INFO [python_manager.cpp->PythonManager::Death:637]	Death()
2023/03/06 14:08:54 297537	INFO [python_manager.cpp->PythonManager::Death:637]	Death()
2023/03/06 14:09:33 559129	INFO [python_manager.cpp->PythonManager::Death:637]	Death()
2023/03/06 14:10:02 382595	INFO [python_manager.cpp->PythonManager::Death:637]	Death()
2023/03/06 14:10:44 259086	INFO [python_manager.cpp->PythonManager::Death:637]	Death()
2023/03/06 14:11:36 183113	INFO [python_manager.cpp->PythonManager::Death:637]	Death()
2023/03/06 14:12:05 035275	INFO [python_manager.cpp->PythonManager::Death:637]	Death()
2023/03/06 14:12:18 696986	INFO [python_manager.cpp->PythonManager::Death:637]	Death()
2023/03/06 14:12:41 275615	INFO [python_manager.cpp->PythonManager::Death:637]	Death()
2023/03/06 14:12:58 522046	INFO [python_manager.cpp->PythonManager::Death:637]	Death()
2023/03/06 14:16:20 988484	INFO [python_manager.cpp->PythonManager::Death:637]	Death()
2023/03/06 14:17:31 647830	INFO [python_manager.cpp->PythonManager::Death:637]	Death()
2023/03/06 14:18:04 008911	INFO [python_manager.cpp->PythonManager::Death:637]	Death()
2023/03/06 14:18:09 453615	INFO [python_manager.cpp->PythonManager::ProcessRTMapsAction:210]	Exiting now! All went well.
