		g3log created log at: Thu Apr 27 11:20:14 2023
		LOG format: [YYYY/MM/DD hh:mm:ss uuu* LEVEL FILE->FUNCTION:LINE] messagen
		(uuu*: microseconds fractions of the seconds value)

2023/04/27 11:20:14 173492	INFO [python_manager.cpp->PythonManager::InitializePython:127]	Initializing Python ... 
2023/04/27 11:20:14 202428	INFO [python_manager.cpp->PythonManager::InitializePython:129]	Initializing Python DONE... 
2023/04/27 11:20:14 202436	INFO [python_manager.cpp->PythonManager::InitNumpy:172]	Init numpy... 
2023/04/27 11:20:14 376665	INFO [python_manager.cpp->PythonManager::InitNumpy:174]	Init numpy DONE... 
2023/04/27 11:23:43 267597	INFO [python_manager.cpp->PythonManager::Death:637]	Death()
2023/04/27 11:24:17 545475	INFO [python_manager.cpp->PythonManager::Death:637]	Death()
2023/04/27 11:25:52 817717	INFO [python_manager.cpp->PythonManager::Death:637]	Death()
2023/04/27 11:33:17 573194	INFO [python_manager.cpp->PythonManager::Death:637]	Death()
2023/04/27 11:33:58 994474	INFO [python_manager.cpp->PythonManager::Death:637]	Death()
2023/04/27 11:39:31 170676	INFO [python_manager.cpp->PythonManager::Death:637]	Death()
2023/04/27 11:45:55 148201	INFO [python_manager.cpp->PythonManager::Death:637]	Death()
2023/04/27 11:50:24 968508	INFO [python_manager.cpp->PythonManager::Death:637]	Death()
2023/04/27 11:52:03 251344	INFO [python_manager.cpp->PythonManager::Death:637]	Death()
2023/04/27 11:52:35 694248	INFO [python_manager.cpp->PythonManager::Death:637]	Death()
2023/04/27 11:53:51 232941	INFO [python_manager.cpp->PythonManager::Death:637]	Death()
2023/04/27 11:54:16 088521	INFO [python_manager.cpp->PythonManager::Death:637]	Death()
2023/04/27 11:57:16 222153	INFO [python_manager.cpp->PythonManager::Death:637]	Death()
2023/04/27 11:57:26 029824	INFO [python_manager.cpp->PythonManager::Death:637]	Death()
2023/04/27 11:58:18 054662	INFO [python_manager.cpp->PythonManager::Death:637]	Death()
2023/04/27 11:59:41 734205	INFO [python_manager.cpp->PythonManager::Death:637]	Death()
2023/04/27 12:00:31 866100	INFO [python_manager.cpp->PythonManager::Death:637]	Death()
2023/04/27 12:02:20 500515	INFO [python_manager.cpp->PythonManager::Death:637]	Death()
2023/04/27 12:04:06 593045	INFO [python_manager.cpp->PythonManager::Death:637]	Death()
2023/04/27 12:04:50 586272	INFO [python_manager.cpp->PythonManager::Death:637]	Death()
2023/04/27 12:10:13 333229	INFO [python_manager.cpp->PythonManager::Death:637]	Death()
2023/04/27 12:11:18 045366	INFO [python_manager.cpp->PythonManager::Death:637]	Death()
2023/04/27 12:14:31 019334	INFO [python_manager.cpp->PythonManager::Death:637]	Death()
2023/04/27 12:17:01 166137	INFO [python_manager.cpp->PythonManager::Death:637]	Death()
2023/04/27 12:18:34 385918	INFO [python_manager.cpp->PythonManager::Death:637]	Death()
2023/04/27 12:19:13 075658	INFO [python_manager.cpp->PythonManager::Death:637]	Death()
2023/04/27 12:20:29 605852	INFO [python_manager.cpp->PythonManager::Death:637]	Death()
2023/04/27 12:22:58 989178	INFO [python_manager.cpp->PythonManager::Death:637]	Death()
2023/04/27 12:24:33 241871	INFO [python_manager.cpp->PythonManager::Death:637]	Death()
2023/04/27 12:27:35 614180	INFO [python_manager.cpp->PythonManager::Death:637]	Death()
2023/04/27 12:27:39 995913	INFO [python_manager.cpp->PythonManager::Death:637]	Death()
2023/04/27 12:28:10 737470	INFO [python_manager.cpp->PythonManager::Death:637]	Death()
2023/04/27 12:30:34 888554	INFO [python_manager.cpp->PythonManager::Death:637]	Death()
2023/04/27 12:31:36 137625	INFO [python_manager.cpp->PythonManager::Death:637]	Death()
2023/04/27 12:32:26 702523	INFO [python_manager.cpp->PythonManager::Death:637]	Death()
2023/04/27 12:34:00 990561	INFO [python_manager.cpp->PythonManager::Death:637]	Death()
