		g3log created log at: Fri Mar 10 16:43:57 2023
		LOG format: [YYYY/MM/DD hh:mm:ss uuu* LEVEL FILE->FUNCTION:LINE] messagen
		(uuu*: microseconds fractions of the seconds value)

2023/03/10 16:43:57 803315	INFO [python_manager.cpp->PythonManager::InitializePython:127]	Initializing Python ... 
2023/03/10 16:43:57 821880	INFO [python_manager.cpp->PythonManager::InitializePython:129]	Initializing Python DONE... 
2023/03/10 16:43:57 821888	INFO [python_manager.cpp->PythonManager::InitNumpy:172]	Init numpy... 
2023/03/10 16:43:57 929051	INFO [python_manager.cpp->PythonManager::InitNumpy:174]	Init numpy DONE... 
2023/03/10 16:44:52 199984	INFO [python_manager.cpp->PythonManager::Death:637]	Death()
2023/03/10 16:45:29 996145	INFO [python_manager.cpp->PythonManager::Death:637]	Death()
2023/03/10 16:46:59 442215	INFO [python_manager.cpp->PythonManager::Death:637]	Death()
2023/03/10 16:49:22 890604	INFO [python_manager.cpp->PythonManager::Death:637]	Death()
2023/03/10 16:50:06 982552	INFO [python_manager.cpp->PythonManager::Death:637]	Death()
2023/03/10 16:51:04 246266	INFO [python_manager.cpp->PythonManager::Death:637]	Death()
2023/03/10 16:57:07 135246	INFO [python_manager.cpp->PythonManager::Death:637]	Death()
2023/03/10 16:57:18 030122	INFO [python_manager.cpp->PythonManager::Death:637]	Death()
2023/03/10 16:57:59 745362	INFO [python_manager.cpp->PythonManager::Death:637]	Death()
2023/03/10 17:00:27 815820	INFO [python_manager.cpp->PythonManager::Death:637]	Death()
2023/03/10 17:01:15 292725	INFO [python_manager.cpp->PythonManager::Death:637]	Death()
2023/03/10 17:03:59 284018	INFO [python_manager.cpp->PythonManager::Death:637]	Death()
2023/03/10 17:05:01 004010	INFO [python_manager.cpp->PythonManager::Death:637]	Death()
2023/03/10 17:05:21 827395	INFO [python_manager.cpp->PythonManager::Death:637]	Death()
2023/03/10 17:07:08 810989	INFO [python_manager.cpp->PythonManager::Death:637]	Death()
2023/03/10 17:07:33 007496	INFO [python_manager.cpp->PythonManager::Death:637]	Death()
2023/03/10 17:07:51 076795	INFO [python_manager.cpp->PythonManager::Death:637]	Death()
2023/03/10 17:09:01 580374	INFO [python_manager.cpp->PythonManager::Death:637]	Death()
2023/03/10 17:12:16 051041	INFO [python_manager.cpp->PythonManager::Death:637]	Death()
2023/03/10 17:13:43 682920	INFO [python_manager.cpp->PythonManager::Death:637]	Death()
2023/03/10 17:15:05 845564	INFO [python_manager.cpp->PythonManager::Death:637]	Death()
2023/03/10 17:16:20 217337	INFO [python_manager.cpp->PythonManager::Death:637]	Death()
2023/03/10 17:19:08 396065	INFO [python_manager.cpp->PythonManager::Death:637]	Death()
2023/03/10 17:21:03 990727	INFO [python_manager.cpp->PythonManager::Death:637]	Death()
2023/03/10 17:21:35 345084	INFO [python_manager.cpp->PythonManager::Death:637]	Death()
2023/03/10 17:22:47 690054	INFO [python_manager.cpp->PythonManager::Death:637]	Death()
2023/03/10 17:24:19 323897	INFO [python_manager.cpp->PythonManager::Death:637]	Death()
2023/03/10 17:24:47 830665	INFO [python_manager.cpp->PythonManager::Death:637]	Death()
2023/03/10 17:25:38 597175	INFO [python_manager.cpp->PythonManager::Death:637]	Death()
2023/03/10 17:26:25 620290	INFO [python_manager.cpp->PythonManager::Death:637]	Death()
2023/03/10 17:27:09 533805	INFO [python_manager.cpp->PythonManager::Death:637]	Death()
2023/03/10 17:27:54 485173	INFO [python_manager.cpp->PythonManager::Death:637]	Death()
2023/03/10 17:28:24 829334	INFO [python_manager.cpp->PythonManager::Death:637]	Death()
2023/03/10 17:29:03 841218	INFO [python_manager.cpp->PythonManager::Death:637]	Death()
2023/03/10 17:29:40 533523	INFO [python_manager.cpp->PythonManager::Death:637]	Death()
2023/03/10 17:30:06 268751	INFO [python_manager.cpp->PythonManager::Death:637]	Death()
2023/03/10 17:30:46 693883	INFO [python_manager.cpp->PythonManager::Death:637]	Death()
2023/03/10 17:31:48 160618	INFO [python_manager.cpp->PythonManager::Death:637]	Death()
2023/03/10 17:32:33 099018	INFO [python_manager.cpp->PythonManager::Death:637]	Death()
2023/03/10 17:33:10 831907	INFO [python_manager.cpp->PythonManager::Death:637]	Death()
2023/03/10 17:33:44 222772	INFO [python_manager.cpp->PythonManager::Death:637]	Death()
2023/03/10 17:34:15 944990	INFO [python_manager.cpp->PythonManager::Death:637]	Death()
2023/03/10 17:37:00 483145	INFO [python_manager.cpp->PythonManager::Death:637]	Death()
2023/03/10 17:38:31 498829	INFO [python_manager.cpp->PythonManager::Death:637]	Death()
2023/03/10 17:51:48 566107	INFO [python_manager.cpp->PythonManager::ProcessRTMapsAction:210]	Exiting now! All went well.
