		g3log created log at: Mon Mar 06 14:03:52 2023
		LOG format: [YYYY/MM/DD hh:mm:ss uuu* LEVEL FILE->FUNCTION:LINE] messagen
		(uuu*: microseconds fractions of the seconds value)

2023/03/06 14:03:52 917900	INFO [python_manager.cpp->PythonManager::InitializePython:127]	Initializing Python ... 
2023/03/06 14:03:52 936841	INFO [python_manager.cpp->PythonManager::InitializePython:129]	Initializing Python DONE... 
2023/03/06 14:03:52 936850	INFO [python_manager.cpp->PythonManager::InitNumpy:172]	Init numpy... 
2023/03/06 14:03:53 045939	INFO [python_manager.cpp->PythonManager::InitNumpy:174]	Init numpy DONE... 
2023/03/06 14:05:06 262935	INFO [python_manager.cpp->PythonManager::Death:637]	Death()
2023/03/06 14:08:54 297464	INFO [python_manager.cpp->PythonManager::Death:637]	Death()
2023/03/06 14:09:33 559033	INFO [python_manager.cpp->PythonManager::Death:637]	Death()
2023/03/06 14:10:02 382679	INFO [python_manager.cpp->PythonManager::Death:637]	Death()
2023/03/06 14:10:44 259089	INFO [python_manager.cpp->PythonManager::Death:637]	Death()
2023/03/06 14:11:36 183209	INFO [python_manager.cpp->PythonManager::Death:637]	Death()
2023/03/06 14:12:05 035389	INFO [python_manager.cpp->PythonManager::Death:637]	Death()
2023/03/06 14:12:18 696985	INFO [python_manager.cpp->PythonManager::Death:637]	Death()
2023/03/06 14:12:41 275562	INFO [python_manager.cpp->PythonManager::Death:637]	Death()
2023/03/06 14:12:58 521964	INFO [python_manager.cpp->PythonManager::Death:637]	Death()
2023/03/06 14:16:20 988591	INFO [python_manager.cpp->PythonManager::Death:637]	Death()
2023/03/06 14:17:31 647830	INFO [python_manager.cpp->PythonManager::Death:637]	Death()
2023/03/06 14:18:04 008909	INFO [python_manager.cpp->PythonManager::Death:637]	Death()
2023/03/06 14:18:08 953745	INFO [python_manager.cpp->PythonManager::ProcessRTMapsAction:210]	Exiting now! All went well.
