		g3log created log at: Thu Mar 09 15:24:26 2023
		LOG format: [YYYY/MM/DD hh:mm:ss uuu* LEVEL FILE->FUNCTION:LINE] messagen
		(uuu*: microseconds fractions of the seconds value)

2023/03/09 15:24:26 515956	INFO [python_manager.cpp->PythonManager::InitializePython:127]	Initializing Python ... 
2023/03/09 15:24:26 536403	INFO [python_manager.cpp->PythonManager::InitializePython:129]	Initializing Python DONE... 
2023/03/09 15:24:26 536411	INFO [python_manager.cpp->PythonManager::InitNumpy:172]	Init numpy... 
2023/03/09 15:24:26 656038	INFO [python_manager.cpp->PythonManager::InitNumpy:174]	Init numpy DONE... 
2023/03/09 15:27:22 574171	INFO [python_manager.cpp->PythonManager::Death:637]	Death()
2023/03/09 15:30:28 114793	INFO [python_manager.cpp->PythonManager::Death:637]	Death()
2023/03/09 15:30:35 329361	INFO [python_manager.cpp->PythonManager::Death:637]	Death()
2023/03/09 15:30:56 801936	INFO [python_manager.cpp->PythonManager::Death:637]	Death()
2023/03/09 15:31:06 159014	INFO [python_manager.cpp->PythonManager::Death:637]	Death()
2023/03/09 15:31:58 283500	INFO [python_manager.cpp->PythonManager::Death:637]	Death()
2023/03/09 15:36:39 050347	INFO [python_manager.cpp->PythonManager::Death:637]	Death()
2023/03/09 15:39:32 947844	INFO [python_manager.cpp->PythonManager::Death:637]	Death()
2023/03/09 15:42:28 011400	INFO [python_manager.cpp->PythonManager::Death:637]	Death()
2023/03/09 15:42:57 214020	INFO [python_manager.cpp->PythonManager::Death:637]	Death()
2023/03/09 15:45:29 585010	INFO [python_manager.cpp->PythonManager::Death:637]	Death()
2023/03/09 15:47:08 475201	INFO [python_manager.cpp->PythonManager::Death:637]	Death()
2023/03/09 15:57:29 971085	INFO [python_manager.cpp->PythonManager::Death:637]	Death()
2023/03/09 15:58:36 776838	INFO [python_manager.cpp->PythonManager::Death:637]	Death()
2023/03/09 15:58:45 095963	INFO [python_manager.cpp->PythonManager::Death:637]	Death()
2023/03/09 15:59:10 908928	INFO [python_manager.cpp->PythonManager::Death:637]	Death()
2023/03/09 15:59:16 815431	INFO [python_manager.cpp->PythonManager::Death:637]	Death()
2023/03/09 16:00:40 883218	INFO [python_manager.cpp->PythonManager::Death:637]	Death()
2023/03/09 16:03:08 342080	INFO [python_manager.cpp->PythonManager::Death:637]	Death()
2023/03/09 16:04:51 005277	INFO [python_manager.cpp->PythonManager::Death:637]	Death()
2023/03/09 16:06:32 970429	INFO [python_manager.cpp->PythonManager::Death:637]	Death()
2023/03/09 16:07:24 920743	INFO [python_manager.cpp->PythonManager::Death:637]	Death()
2023/03/09 16:08:28 851277	INFO [python_manager.cpp->PythonManager::Death:637]	Death()
2023/03/09 16:09:45 163072	INFO [python_manager.cpp->PythonManager::Death:637]	Death()
2023/03/09 16:10:27 553887	INFO [python_manager.cpp->PythonManager::Death:637]	Death()
2023/03/09 16:11:29 141138	INFO [python_manager.cpp->PythonManager::Death:637]	Death()
2023/03/09 16:22:30 024750	INFO [python_manager.cpp->PythonManager::Death:637]	Death()
2023/03/09 16:36:44 293526	INFO [python_manager.cpp->PythonManager::Death:637]	Death()
2023/03/09 16:37:12 452380	INFO [python_manager.cpp->PythonManager::Death:637]	Death()
2023/03/09 16:40:08 899788	INFO [python_manager.cpp->PythonManager::Death:637]	Death()
2023/03/09 16:52:47 695043	INFO [python_manager.cpp->PythonManager::Death:637]	Death()
2023/03/09 16:54:08 494633	INFO [python_manager.cpp->PythonManager::Death:637]	Death()
2023/03/09 16:57:04 527706	INFO [python_manager.cpp->PythonManager::ProcessRTMapsAction:210]	Exiting now! All went well.
