		g3log created log at: Thu Apr 27 15:24:45 2023
		LOG format: [YYYY/MM/DD hh:mm:ss uuu* LEVEL FILE->FUNCTION:LINE] messagen
		(uuu*: microseconds fractions of the seconds value)

2023/04/27 15:24:45 668179	INFO [python_manager.cpp->PythonManager::InitializePython:127]	Initializing Python ... 
2023/04/27 15:24:45 696840	INFO [python_manager.cpp->PythonManager::InitializePython:129]	Initializing Python DONE... 
2023/04/27 15:24:45 696848	INFO [python_manager.cpp->PythonManager::InitNumpy:172]	Init numpy... 
2023/04/27 15:24:45 871096	INFO [python_manager.cpp->PythonManager::InitNumpy:174]	Init numpy DONE... 
2023/04/27 15:37:11 802441	INFO [python_manager.cpp->PythonManager::Death:637]	Death()
2023/04/27 15:37:24 429469	INFO [python_manager.cpp->PythonManager::Death:637]	Death()
2023/04/27 15:38:34 790278	INFO [python_manager.cpp->PythonManager::Death:637]	Death()
2023/04/27 15:40:59 320965	INFO [python_manager.cpp->PythonManager::Death:637]	Death()
2023/04/27 16:33:23 280853	INFO [python_manager.cpp->PythonManager::Death:637]	Death()
2023/04/27 16:38:49 665850	INFO [python_manager.cpp->PythonManager::Death:637]	Death()
2023/04/27 16:39:47 150927	INFO [python_manager.cpp->PythonManager::Death:637]	Death()
2023/04/27 16:40:45 861907	INFO [python_manager.cpp->PythonManager::Death:637]	Death()
2023/04/27 16:46:17 172425	INFO [python_manager.cpp->PythonManager::Death:637]	Death()
2023/04/27 16:47:27 125068	INFO [python_manager.cpp->PythonManager::Death:637]	Death()
2023/04/27 16:48:59 711671	INFO [python_manager.cpp->PythonManager::Death:637]	Death()
2023/04/27 16:54:26 367116	INFO [python_manager.cpp->PythonManager::Death:637]	Death()
2023/04/27 16:58:40 394946	INFO [python_manager.cpp->PythonManager::Death:637]	Death()
2023/04/27 17:09:02 313068	INFO [python_manager.cpp->PythonManager::Death:637]	Death()
2023/04/27 17:09:09 518235	INFO [python_manager.cpp->PythonManager::Death:637]	Death()
2023/04/27 17:12:31 143428	INFO [python_manager.cpp->PythonManager::Death:637]	Death()
2023/04/27 17:14:54 873196	INFO [python_manager.cpp->PythonManager::Death:637]	Death()
2023/04/27 17:15:49 717332	INFO [python_manager.cpp->PythonManager::Death:637]	Death()
2023/04/27 17:16:54 257257	INFO [python_manager.cpp->PythonManager::Death:637]	Death()
2023/04/27 17:18:53 712685	INFO [python_manager.cpp->PythonManager::Death:637]	Death()
2023/04/27 17:20:13 630162	INFO [python_manager.cpp->PythonManager::Death:637]	Death()
2023/04/27 17:21:43 441245	INFO [python_manager.cpp->PythonManager::Death:637]	Death()
2023/04/27 17:22:35 603329	INFO [python_manager.cpp->PythonManager::Death:637]	Death()
2023/04/27 17:22:59 781302	INFO [python_manager.cpp->PythonManager::Death:637]	Death()
2023/04/27 17:26:15 968469	INFO [python_manager.cpp->PythonManager::Death:637]	Death()
2023/04/27 17:35:53 067505	INFO [python_manager.cpp->PythonManager::Death:637]	Death()
2023/04/27 17:36:49 369805	INFO [python_manager.cpp->PythonManager::Death:637]	Death()
2023/04/27 17:40:20 133006	INFO [python_manager.cpp->PythonManager::Death:637]	Death()
2023/04/27 17:53:15 577380	INFO [python_manager.cpp->PythonManager::Death:637]	Death()
2023/04/27 17:54:20 310857	INFO [python_manager.cpp->PythonManager::Death:637]	Death()
2023/04/27 18:19:21 962418	INFO [python_manager.cpp->PythonManager::Death:637]	Death()
2023/04/27 18:20:12 661900	INFO [python_manager.cpp->PythonManager::Death:637]	Death()
2023/04/27 18:20:55 444054	INFO [python_manager.cpp->PythonManager::Death:637]	Death()
2023/04/27 18:21:19 713296	INFO [python_manager.cpp->PythonManager::ProcessRTMapsAction:210]	Exiting now! All went well.
