		g3log created log at: Thu Mar 02 08:44:55 2023
		LOG format: [YYYY/MM/DD hh:mm:ss uuu* LEVEL FILE->FUNCTION:LINE] messagen
		(uuu*: microseconds fractions of the seconds value)

2023/03/02 08:44:55 706478	INFO [python_manager.cpp->PythonManager::InitializePython:127]	Initializing Python ... 
2023/03/02 08:44:55 726836	INFO [python_manager.cpp->PythonManager::InitializePython:129]	Initializing Python DONE... 
2023/03/02 08:44:55 726844	INFO [python_manager.cpp->PythonManager::InitNumpy:172]	Init numpy... 
2023/03/02 08:44:55 852817	INFO [python_manager.cpp->PythonManager::InitNumpy:174]	Init numpy DONE... 
2023/03/02 08:45:56 211521	INFO [python_manager.cpp->PythonManager::Death:637]	Death()
2023/03/02 08:46:32 075371	INFO [python_manager.cpp->PythonManager::Death:637]	Death()
2023/03/02 08:47:18 149610	INFO [python_manager.cpp->PythonManager::Death:637]	Death()
2023/03/02 09:38:58 296969	INFO [python_manager.cpp->PythonManager::Death:637]	Death()
2023/03/02 09:40:58 400433	INFO [python_manager.cpp->PythonManager::Death:637]	Death()
2023/03/02 09:42:03 674537	INFO [python_manager.cpp->PythonManager::Death:637]	Death()
2023/03/02 09:42:07 359428	INFO [python_manager.cpp->PythonManager::Death:637]	Death()
2023/03/02 09:42:44 218818	INFO [python_manager.cpp->PythonManager::Death:637]	Death()
2023/03/02 09:43:52 958201	INFO [python_manager.cpp->PythonManager::Death:637]	Death()
2023/03/02 09:53:30 004722	INFO [python_manager.cpp->PythonManager::Death:637]	Death()
2023/03/02 09:54:26 587011	INFO [python_manager.cpp->PythonManager::Death:637]	Death()
2023/03/02 09:54:58 583590	INFO [python_manager.cpp->PythonManager::Death:637]	Death()
2023/03/02 09:56:44 857014	INFO [python_manager.cpp->PythonManager::Death:637]	Death()
2023/03/02 09:59:18 669930	INFO [python_manager.cpp->PythonManager::Death:637]	Death()
2023/03/02 10:03:14 289697	INFO [python_manager.cpp->PythonManager::Death:637]	Death()
2023/03/02 10:04:10 857423	INFO [python_manager.cpp->PythonManager::Death:637]	Death()
2023/03/02 10:04:20 927088	INFO [python_manager.cpp->PythonManager::Death:637]	Death()
2023/03/02 10:07:07 129385	INFO [python_manager.cpp->PythonManager::Death:637]	Death()
2023/03/02 10:08:14 052918	INFO [python_manager.cpp->PythonManager::Death:637]	Death()
2023/03/02 10:08:57 490287	INFO [python_manager.cpp->PythonManager::Death:637]	Death()
2023/03/02 10:09:31 746926	INFO [python_manager.cpp->PythonManager::Death:637]	Death()
2023/03/02 10:16:30 363196	INFO [python_manager.cpp->PythonManager::Death:637]	Death()
2023/03/02 10:18:44 175702	INFO [python_manager.cpp->PythonManager::Death:637]	Death()
2023/03/02 10:19:12 878220	INFO [python_manager.cpp->PythonManager::Death:637]	Death()
2023/03/02 10:20:10 392552	INFO [python_manager.cpp->PythonManager::Death:637]	Death()
2023/03/02 10:20:28 390012	INFO [python_manager.cpp->PythonManager::Death:637]	Death()
2023/03/02 10:20:58 628843	INFO [python_manager.cpp->PythonManager::Death:637]	Death()
2023/03/02 10:21:41 536379	INFO [python_manager.cpp->PythonManager::Death:637]	Death()
2023/03/02 10:40:29 646799	INFO [python_manager.cpp->PythonManager::Death:637]	Death()
2023/03/02 10:46:41 226934	INFO [python_manager.cpp->PythonManager::Death:637]	Death()
2023/03/02 10:47:09 831558	INFO [python_manager.cpp->PythonManager::Death:637]	Death()
2023/03/02 10:48:18 472962	INFO [python_manager.cpp->PythonManager::Death:637]	Death()
2023/03/02 10:49:39 290433	INFO [python_manager.cpp->PythonManager::Death:637]	Death()
2023/03/02 11:00:21 368445	INFO [python_manager.cpp->PythonManager::ProcessRTMapsAction:210]	Exiting now! All went well.
