		g3log created log at: Thu Apr 27 13:04:32 2023
		LOG format: [YYYY/MM/DD hh:mm:ss uuu* LEVEL FILE->FUNCTION:LINE] messagen
		(uuu*: microseconds fractions of the seconds value)

2023/04/27 13:04:32 097559	INFO [python_manager.cpp->PythonManager::InitializePython:127]	Initializing Python ... 
2023/04/27 13:04:32 124086	INFO [python_manager.cpp->PythonManager::InitializePython:129]	Initializing Python DONE... 
2023/04/27 13:04:32 124093	INFO [python_manager.cpp->PythonManager::InitNumpy:172]	Init numpy... 
2023/04/27 13:04:32 284577	INFO [python_manager.cpp->PythonManager::InitNumpy:174]	Init numpy DONE... 
2023/04/27 13:07:25 721755	INFO [python_manager.cpp->PythonManager::Death:637]	Death()
2023/04/27 13:15:25 999883	INFO [python_manager.cpp->PythonManager::Death:637]	Death()
2023/04/27 13:16:46 933734	INFO [python_manager.cpp->PythonManager::Death:637]	Death()
2023/04/27 13:21:28 660403	INFO [python_manager.cpp->PythonManager::Death:637]	Death()
2023/04/27 13:27:44 418971	INFO [python_manager.cpp->PythonManager::Death:637]	Death()
2023/04/27 13:30:17 624187	INFO [python_manager.cpp->PythonManager::Death:637]	Death()
2023/04/27 13:30:23 689141	INFO [python_manager.cpp->PythonManager::Death:637]	Death()
2023/04/27 13:33:16 807984	INFO [python_manager.cpp->PythonManager::Death:637]	Death()
2023/04/27 13:36:00 393352	INFO [python_manager.cpp->PythonManager::Death:637]	Death()
2023/04/27 13:36:37 413111	INFO [python_manager.cpp->PythonManager::Death:637]	Death()
2023/04/27 13:38:57 249395	INFO [python_manager.cpp->PythonManager::Death:637]	Death()
2023/04/27 13:43:16 306943	INFO [python_manager.cpp->PythonManager::Death:637]	Death()
2023/04/27 13:44:32 972152	INFO [python_manager.cpp->PythonManager::Death:637]	Death()
2023/04/27 13:48:45 112421	INFO [python_manager.cpp->PythonManager::Death:637]	Death()
2023/04/27 13:50:01 815190	INFO [python_manager.cpp->PythonManager::Death:637]	Death()
2023/04/27 13:55:32 465981	INFO [python_manager.cpp->PythonManager::Death:637]	Death()
2023/04/27 13:56:06 409677	INFO [python_manager.cpp->PythonManager::Death:637]	Death()
2023/04/27 13:58:02 846878	INFO [python_manager.cpp->PythonManager::Death:637]	Death()
2023/04/27 13:58:09 395474	INFO [python_manager.cpp->PythonManager::Death:637]	Death()
2023/04/27 14:05:42 305982	INFO [python_manager.cpp->PythonManager::Death:637]	Death()
2023/04/27 14:13:15 654576	INFO [python_manager.cpp->PythonManager::Death:637]	Death()
2023/04/27 14:15:42 252625	INFO [python_manager.cpp->PythonManager::Death:637]	Death()
2023/04/27 14:18:28 999438	WARNING [python_manager.cpp->PythonManager::CheckForErrors:745]	Error, traceback : ['Traceback (most recent call last):
', '  File "C:/Users/ESTACA_TWIZY/Desktop/SEN-4/Main_Perception/PythonBridges\\BrakingPedestrian_Phase1_Tempo.py", line 56, in Core
    if (ObjDATA[0].Id == 0):
', "AttributeError: 'RealObject' object has no attribute 'Id'
"]
2023/04/27 14:18:29 015843	INFO [python_manager.cpp->PythonManager::Death:637]	Death()
2023/04/27 14:22:21 681076	INFO [python_manager.cpp->PythonManager::Death:637]	Death()
2023/04/27 14:25:27 496344	INFO [python_manager.cpp->PythonManager::Death:637]	Death()
2023/04/27 14:26:54 707234	INFO [python_manager.cpp->PythonManager::Death:637]	Death()
2023/04/27 14:27:51 317251	WARNING [python_manager.cpp->PythonManager::CheckForErrors:745]	Error, traceback : ['Traceback (most recent call last):
', '  File "C:\\Users\\ESTACA_TWIZY\\AppData\\Local\\Programs\\Python\\Python38\\Lib\\imp.py", line 314, in reload
    return importlib.reload(module)
', '  File "C:\\Users\\ESTACA_TWIZY\\AppData\\Local\\Programs\\Python\\Python38\\Lib\\importlib\\__init__.py", line 169, in reload
    _bootstrap._exec(spec, module)
', '  File "<frozen importlib._bootstrap>", line 604, in _exec
', '  File "<frozen importlib._bootstrap_external>", line 779, in exec_module
', '  File "<frozen importlib._bootstrap_external>", line 916, in get_code
', '  File "<frozen importlib._bootstrap_external>", line 846, in source_to_code
', '  File "<frozen importlib._bootstrap>", line 219, in _call_with_frames_removed
', '  File "C:/Users/ESTACA_TWIZY/Desktop/SEN-4/Main_Perception/PythonBridges\\BrakingPedestrian_Phase1_Tempo.py", line 56
', '    if ( (ObjDATA[0].id == 0) && (ObjDATA[0].x != 0)):
', '                               ^
', 'SyntaxError: invalid syntax
']
2023/04/27 14:29:04 774762	INFO [python_manager.cpp->PythonManager::Death:637]	Death()
2023/04/27 14:30:44 247465	INFO [python_manager.cpp->PythonManager::Death:637]	Death()
2023/04/27 14:33:53 593775	INFO [python_manager.cpp->PythonManager::ProcessRTMapsAction:210]	Exiting now! All went well.
