		g3log created log at: Thu Apr 06 12:14:11 2023
		LOG format: [YYYY/MM/DD hh:mm:ss uuu* LEVEL FILE->FUNCTION:LINE] messagen
		(uuu*: microseconds fractions of the seconds value)

2023/04/06 12:14:11 422952	INFO [python_manager.cpp->PythonManager::InitializePython:127]	Initializing Python ... 
2023/04/06 12:14:11 441446	INFO [python_manager.cpp->PythonManager::InitializePython:129]	Initializing Python DONE... 
2023/04/06 12:14:11 441455	INFO [python_manager.cpp->PythonManager::InitNumpy:172]	Init numpy... 
2023/04/06 12:14:11 551901	INFO [python_manager.cpp->PythonManager::InitNumpy:174]	Init numpy DONE... 
2023/04/06 12:15:01 896969	INFO [python_manager.cpp->PythonManager::Death:637]	Death()
2023/04/06 12:15:26 263816	INFO [python_manager.cpp->PythonManager::Death:637]	Death()
2023/04/06 12:16:56 887356	INFO [python_manager.cpp->PythonManager::Death:637]	Death()
2023/04/06 12:19:46 739190	INFO [python_manager.cpp->PythonManager::Death:637]	Death()
2023/04/06 12:20:03 047547	INFO [python_manager.cpp->PythonManager::Death:637]	Death()
2023/04/06 12:22:48 448293	INFO [python_manager.cpp->PythonManager::Death:637]	Death()
2023/04/06 12:25:24 387886	INFO [python_manager.cpp->PythonManager::Death:637]	Death()
2023/04/06 12:26:03 734571	INFO [python_manager.cpp->PythonManager::Death:637]	Death()
2023/04/06 12:27:24 851031	INFO [python_manager.cpp->PythonManager::Death:637]	Death()
2023/04/06 12:27:38 932179	INFO [python_manager.cpp->PythonManager::Death:637]	Death()
2023/04/06 12:35:12 668143	INFO [python_manager.cpp->PythonManager::Death:637]	Death()
2023/04/06 13:44:22 391661	INFO [python_manager.cpp->PythonManager::Death:637]	Death()
2023/04/06 13:44:50 362286	INFO [python_manager.cpp->PythonManager::Death:637]	Death()
2023/04/06 13:46:41 627457	INFO [python_manager.cpp->PythonManager::Death:637]	Death()
2023/04/06 13:48:25 388985	INFO [python_manager.cpp->PythonManager::ProcessRTMapsAction:210]	Exiting now! All went well.
