		g3log created log at: Thu Apr 27 11:20:17 2023
		LOG format: [YYYY/MM/DD hh:mm:ss uuu* LEVEL FILE->FUNCTION:LINE] messagen
		(uuu*: microseconds fractions of the seconds value)

2023/04/27 11:20:17 494057	INFO [python_manager.cpp->PythonManager::InitializePython:127]	Initializing Python ... 
2023/04/27 11:20:17 520564	INFO [python_manager.cpp->PythonManager::InitializePython:129]	Initializing Python DONE... 
2023/04/27 11:20:17 520571	INFO [python_manager.cpp->PythonManager::InitNumpy:172]	Init numpy... 
2023/04/27 11:20:17 681418	INFO [python_manager.cpp->PythonManager::InitNumpy:174]	Init numpy DONE... 
2023/04/27 11:23:43 267385	INFO [python_manager.cpp->PythonManager::Death:637]	Death()
2023/04/27 11:24:17 560818	INFO [python_manager.cpp->PythonManager::Death:637]	Death()
2023/04/27 11:25:52 817843	INFO [python_manager.cpp->PythonManager::Death:637]	Death()
2023/04/27 11:33:17 573073	INFO [python_manager.cpp->PythonManager::Death:637]	Death()
2023/04/27 11:33:58 994299	INFO [python_manager.cpp->PythonManager::Death:637]	Death()
2023/04/27 11:39:31 170125	INFO [python_manager.cpp->PythonManager::Death:637]	Death()
2023/04/27 11:45:55 147490	INFO [python_manager.cpp->PythonManager::Death:637]	Death()
2023/04/27 11:50:24 984633	INFO [python_manager.cpp->PythonManager::Death:637]	Death()
2023/04/27 11:52:03 266590	INFO [python_manager.cpp->PythonManager::Death:637]	Death()
2023/04/27 11:52:35 694043	INFO [python_manager.cpp->PythonManager::Death:637]	Death()
2023/04/27 11:53:51 249234	INFO [python_manager.cpp->PythonManager::Death:637]	Death()
2023/04/27 11:54:16 088418	INFO [python_manager.cpp->PythonManager::Death:637]	Death()
2023/04/27 11:57:16 222196	INFO [python_manager.cpp->PythonManager::Death:637]	Death()
2023/04/27 11:57:26 029770	INFO [python_manager.cpp->PythonManager::Death:637]	Death()
2023/04/27 11:58:18 054584	INFO [python_manager.cpp->PythonManager::Death:637]	Death()
2023/04/27 11:59:41 734306	INFO [python_manager.cpp->PythonManager::Death:637]	Death()
2023/04/27 12:00:31 866094	INFO [python_manager.cpp->PythonManager::Death:637]	Death()
2023/04/27 12:02:20 500446	INFO [python_manager.cpp->PythonManager::Death:637]	Death()
2023/04/27 12:04:06 573819	INFO [python_manager.cpp->PythonManager::Death:637]	Death()
2023/04/27 12:04:50 586386	INFO [python_manager.cpp->PythonManager::Death:637]	Death()
2023/04/27 12:10:13 333041	INFO [python_manager.cpp->PythonManager::Death:637]	Death()
2023/04/27 12:11:18 045281	INFO [python_manager.cpp->PythonManager::Death:637]	Death()
2023/04/27 12:14:31 019223	INFO [python_manager.cpp->PythonManager::Death:637]	Death()
2023/04/27 12:17:01 166051	INFO [python_manager.cpp->PythonManager::Death:637]	Death()
2023/04/27 12:18:34 385918	INFO [python_manager.cpp->PythonManager::Death:637]	Death()
2023/04/27 12:19:13 075659	INFO [python_manager.cpp->PythonManager::Death:637]	Death()
2023/04/27 12:20:29 605803	INFO [python_manager.cpp->PythonManager::Death:637]	Death()
2023/04/27 12:22:58 989105	INFO [python_manager.cpp->PythonManager::Death:637]	Death()
2023/04/27 12:24:33 245443	INFO [python_manager.cpp->PythonManager::Death:637]	Death()
2023/04/27 12:27:35 614109	INFO [python_manager.cpp->PythonManager::Death:637]	Death()
2023/04/27 12:27:39 995913	INFO [python_manager.cpp->PythonManager::Death:637]	Death()
2023/04/27 12:28:10 737427	INFO [python_manager.cpp->PythonManager::Death:637]	Death()
2023/04/27 12:30:34 885389	INFO [python_manager.cpp->PythonManager::Death:637]	Death()
2023/04/27 12:31:36 138275	INFO [python_manager.cpp->PythonManager::Death:637]	Death()
2023/04/27 12:32:26 701363	INFO [python_manager.cpp->PythonManager::Death:637]	Death()
2023/04/27 12:34:00 990145	INFO [python_manager.cpp->PythonManager::Death:637]	Death()
