		g3log created log at: Thu Mar 09 13:10:32 2023
		LOG format: [YYYY/MM/DD hh:mm:ss uuu* LEVEL FILE->FUNCTION:LINE] messagen
		(uuu*: microseconds fractions of the seconds value)

2023/03/09 13:10:32 466161	INFO [python_manager.cpp->PythonManager::InitializePython:127]	Initializing Python ... 
2023/03/09 13:10:32 485723	INFO [python_manager.cpp->PythonManager::InitializePython:129]	Initializing Python DONE... 
2023/03/09 13:10:32 485732	INFO [python_manager.cpp->PythonManager::InitNumpy:172]	Init numpy... 
2023/03/09 13:10:32 593344	INFO [python_manager.cpp->PythonManager::InitNumpy:174]	Init numpy DONE... 
2023/03/09 13:11:13 849657	INFO [python_manager.cpp->PythonManager::Death:637]	Death()
2023/03/09 13:11:26 777177	INFO [python_manager.cpp->PythonManager::Death:637]	Death()
2023/03/09 13:12:26 069535	INFO [python_manager.cpp->PythonManager::Death:637]	Death()
2023/03/09 13:13:57 608663	INFO [python_manager.cpp->PythonManager::Death:637]	Death()
2023/03/09 13:14:08 223635	INFO [python_manager.cpp->PythonManager::Death:637]	Death()
2023/03/09 13:15:27 406466	INFO [python_manager.cpp->PythonManager::Death:637]	Death()
2023/03/09 13:15:30 094507	INFO [python_manager.cpp->PythonManager::Death:637]	Death()
2023/03/09 13:15:43 669452	INFO [python_manager.cpp->PythonManager::Death:637]	Death()
2023/03/09 13:16:23 640835	INFO [python_manager.cpp->PythonManager::Death:637]	Death()
2023/03/09 13:16:49 845001	INFO [python_manager.cpp->PythonManager::Death:637]	Death()
2023/03/09 13:17:10 578929	INFO [python_manager.cpp->PythonManager::Death:637]	Death()
2023/03/09 13:17:38 534147	INFO [python_manager.cpp->PythonManager::Death:637]	Death()
2023/03/09 13:20:42 543054	INFO [python_manager.cpp->PythonManager::Death:637]	Death()
2023/03/09 13:21:02 920224	WARNING [python_manager.cpp->PythonManager::ProcessLoop:272]	No space to write, ask for realloc
2023/03/09 13:21:03 336971	INFO [python_manager.cpp->PythonManager::Death:637]	Death()
