		g3log created log at: Thu Apr 06 13:49:28 2023
		LOG format: [YYYY/MM/DD hh:mm:ss uuu* LEVEL FILE->FUNCTION:LINE] messagen
		(uuu*: microseconds fractions of the seconds value)

2023/04/06 13:49:28 426444	INFO [python_manager.cpp->PythonManager::InitializePython:127]	Initializing Python ... 
2023/04/06 13:49:28 453144	INFO [python_manager.cpp->PythonManager::InitializePython:129]	Initializing Python DONE... 
2023/04/06 13:49:28 453151	INFO [python_manager.cpp->PythonManager::InitNumpy:172]	Init numpy... 
2023/04/06 13:49:28 565588	INFO [python_manager.cpp->PythonManager::InitNumpy:174]	Init numpy DONE... 
2023/04/06 13:50:28 079394	INFO [python_manager.cpp->PythonManager::Death:637]	Death()
2023/04/06 13:51:17 530681	INFO [python_manager.cpp->PythonManager::Death:637]	Death()
2023/04/06 13:51:43 357688	INFO [python_manager.cpp->PythonManager::Death:637]	Death()
2023/04/06 13:53:18 539665	INFO [python_manager.cpp->PythonManager::Death:637]	Death()
2023/04/06 13:55:29 922923	INFO [python_manager.cpp->PythonManager::Death:637]	Death()
2023/04/06 13:59:21 117963	INFO [python_manager.cpp->PythonManager::Death:637]	Death()
2023/04/06 14:00:40 237678	INFO [python_manager.cpp->PythonManager::Death:637]	Death()
2023/04/06 14:03:59 448477	INFO [python_manager.cpp->PythonManager::Death:637]	Death()
2023/04/06 14:05:35 956670	INFO [python_manager.cpp->PythonManager::Death:637]	Death()
2023/04/06 14:09:09 906873	INFO [python_manager.cpp->PythonManager::Death:637]	Death()
2023/04/06 14:10:37 170401	INFO [python_manager.cpp->PythonManager::Death:637]	Death()
2023/04/06 14:11:11 801015	INFO [python_manager.cpp->PythonManager::Death:637]	Death()
2023/04/06 14:11:40 836948	INFO [python_manager.cpp->PythonManager::Death:637]	Death()
2023/04/06 14:12:39 004704	INFO [python_manager.cpp->PythonManager::Death:637]	Death()
2023/04/06 14:14:28 109573	INFO [python_manager.cpp->PythonManager::Death:637]	Death()
2023/04/06 14:15:14 527678	INFO [python_manager.cpp->PythonManager::Death:637]	Death()
2023/04/06 14:19:03 798193	INFO [python_manager.cpp->PythonManager::Death:637]	Death()
2023/04/06 14:19:59 012304	INFO [python_manager.cpp->PythonManager::Death:637]	Death()
2023/04/06 14:25:31 616678	INFO [python_manager.cpp->PythonManager::Death:637]	Death()
2023/04/06 14:26:41 512559	INFO [python_manager.cpp->PythonManager::Death:637]	Death()
2023/04/06 14:28:00 932710	INFO [python_manager.cpp->PythonManager::Death:637]	Death()
2023/04/06 14:41:17 556954	INFO [python_manager.cpp->PythonManager::Death:637]	Death()
2023/04/06 14:42:18 505474	INFO [python_manager.cpp->PythonManager::Death:637]	Death()
2023/04/06 14:44:37 098064	INFO [python_manager.cpp->PythonManager::Death:637]	Death()
2023/04/06 14:50:18 324867	INFO [python_manager.cpp->PythonManager::Death:637]	Death()
2023/04/06 14:55:44 448480	INFO [python_manager.cpp->PythonManager::Death:637]	Death()
2023/04/06 15:06:15 377217	INFO [python_manager.cpp->PythonManager::Death:637]	Death()
2023/04/06 15:08:51 863122	INFO [python_manager.cpp->PythonManager::Death:637]	Death()
2023/04/06 15:10:33 829664	INFO [python_manager.cpp->PythonManager::ProcessRTMapsAction:210]	Exiting now! All went well.
