		g3log created log at: Thu Apr 27 11:20:17 2023
		LOG format: [YYYY/MM/DD hh:mm:ss uuu* LEVEL FILE->FUNCTION:LINE] messagen
		(uuu*: microseconds fractions of the seconds value)

2023/04/27 11:20:17 118191	INFO [python_manager.cpp->PythonManager::InitializePython:127]	Initializing Python ... 
2023/04/27 11:20:17 144922	INFO [python_manager.cpp->PythonManager::InitializePython:129]	Initializing Python DONE... 
2023/04/27 11:20:17 144929	INFO [python_manager.cpp->PythonManager::InitNumpy:172]	Init numpy... 
2023/04/27 11:20:17 307774	INFO [python_manager.cpp->PythonManager::InitNumpy:174]	Init numpy DONE... 
2023/04/27 11:23:43 267454	INFO [python_manager.cpp->PythonManager::Death:637]	Death()
2023/04/27 11:24:17 560692	INFO [python_manager.cpp->PythonManager::Death:637]	Death()
2023/04/27 11:25:52 817589	INFO [python_manager.cpp->PythonManager::Death:637]	Death()
2023/04/27 11:33:17 572823	INFO [python_manager.cpp->PythonManager::Death:637]	Death()
2023/04/27 11:33:59 009818	INFO [python_manager.cpp->PythonManager::Death:637]	Death()
2023/04/27 11:39:31 170103	INFO [python_manager.cpp->PythonManager::Death:637]	Death()
2023/04/27 11:45:55 147353	INFO [python_manager.cpp->PythonManager::Death:637]	Death()
2023/04/27 11:50:24 984619	INFO [python_manager.cpp->PythonManager::Death:637]	Death()
2023/04/27 11:52:03 266629	INFO [python_manager.cpp->PythonManager::Death:637]	Death()
2023/04/27 11:52:35 694113	INFO [python_manager.cpp->PythonManager::Death:637]	Death()
2023/04/27 11:53:51 249014	INFO [python_manager.cpp->PythonManager::Death:637]	Death()
2023/04/27 11:54:16 088417	INFO [python_manager.cpp->PythonManager::Death:637]	Death()
2023/04/27 11:57:16 222220	INFO [python_manager.cpp->PythonManager::Death:637]	Death()
2023/04/27 11:57:26 029933	INFO [python_manager.cpp->PythonManager::Death:637]	Death()
2023/04/27 11:58:18 054507	INFO [python_manager.cpp->PythonManager::Death:637]	Death()
2023/04/27 11:59:41 734353	INFO [python_manager.cpp->PythonManager::Death:637]	Death()
2023/04/27 12:00:31 866221	INFO [python_manager.cpp->PythonManager::Death:637]	Death()
2023/04/27 12:02:20 500334	INFO [python_manager.cpp->PythonManager::Death:637]	Death()
2023/04/27 12:04:06 608652	INFO [python_manager.cpp->PythonManager::Death:637]	Death()
2023/04/27 12:04:50 586272	INFO [python_manager.cpp->PythonManager::Death:637]	Death()
2023/04/27 12:10:13 333145	INFO [python_manager.cpp->PythonManager::Death:637]	Death()
2023/04/27 12:11:18 045363	INFO [python_manager.cpp->PythonManager::Death:637]	Death()
2023/04/27 12:14:31 019217	INFO [python_manager.cpp->PythonManager::Death:637]	Death()
2023/04/27 12:17:01 166017	INFO [python_manager.cpp->PythonManager::Death:637]	Death()
2023/04/27 12:18:34 386030	INFO [python_manager.cpp->PythonManager::Death:637]	Death()
2023/04/27 12:19:13 075775	INFO [python_manager.cpp->PythonManager::Death:637]	Death()
2023/04/27 12:20:29 605712	INFO [python_manager.cpp->PythonManager::Death:637]	Death()
2023/04/27 12:22:58 988976	INFO [python_manager.cpp->PythonManager::Death:637]	Death()
2023/04/27 12:24:33 245728	INFO [python_manager.cpp->PythonManager::Death:637]	Death()
2023/04/27 12:27:35 614109	INFO [python_manager.cpp->PythonManager::Death:637]	Death()
2023/04/27 12:27:39 996035	INFO [python_manager.cpp->PythonManager::Death:637]	Death()
2023/04/27 12:28:10 737323	INFO [python_manager.cpp->PythonManager::Death:637]	Death()
2023/04/27 12:30:34 885549	INFO [python_manager.cpp->PythonManager::Death:637]	Death()
2023/04/27 12:31:36 138205	INFO [python_manager.cpp->PythonManager::Death:637]	Death()
2023/04/27 12:32:26 701362	INFO [python_manager.cpp->PythonManager::Death:637]	Death()
2023/04/27 12:34:00 990148	INFO [python_manager.cpp->PythonManager::Death:637]	Death()
