		g3log created log at: Wed Apr 26 16:29:03 2023
		LOG format: [YYYY/MM/DD hh:mm:ss uuu* LEVEL FILE->FUNCTION:LINE] messagen
		(uuu*: microseconds fractions of the seconds value)

2023/04/26 16:29:03 319782	INFO [python_manager.cpp->PythonManager::InitializePython:127]	Initializing Python ... 
2023/04/26 16:29:03 346354	INFO [python_manager.cpp->PythonManager::InitializePython:129]	Initializing Python DONE... 
2023/04/26 16:29:03 346362	INFO [python_manager.cpp->PythonManager::InitNumpy:172]	Init numpy... 
2023/04/26 16:29:03 510480	INFO [python_manager.cpp->PythonManager::InitNumpy:174]	Init numpy DONE... 
2023/04/26 16:30:28 812227	INFO [python_manager.cpp->PythonManager::Death:637]	Death()
2023/04/26 16:34:07 080228	INFO [python_manager.cpp->PythonManager::Death:637]	Death()
2023/04/26 16:53:37 487928	INFO [python_manager.cpp->PythonManager::Death:637]	Death()
2023/04/26 16:55:03 191750	INFO [python_manager.cpp->PythonManager::Death:637]	Death()
2023/04/26 16:55:27 637815	INFO [python_manager.cpp->PythonManager::Death:637]	Death()
2023/04/26 17:07:18 692760	INFO [python_manager.cpp->PythonManager::Death:637]	Death()
2023/04/26 17:08:52 403438	INFO [python_manager.cpp->PythonManager::Death:637]	Death()
2023/04/26 17:13:18 366217	INFO [python_manager.cpp->PythonManager::Death:637]	Death()
2023/04/26 17:14:39 770305	INFO [python_manager.cpp->PythonManager::Death:637]	Death()
2023/04/26 17:16:37 226179	INFO [python_manager.cpp->PythonManager::Death:637]	Death()
2023/04/26 17:18:23 971408	INFO [python_manager.cpp->PythonManager::Death:637]	Death()
2023/04/26 17:22:29 483335	INFO [python_manager.cpp->PythonManager::Death:637]	Death()
2023/04/26 17:23:35 939539	INFO [python_manager.cpp->PythonManager::Death:637]	Death()
2023/04/26 17:33:49 538490	INFO [python_manager.cpp->PythonManager::Death:637]	Death()
2023/04/26 17:34:44 976069	INFO [python_manager.cpp->PythonManager::Death:637]	Death()
2023/04/26 17:38:09 213054	INFO [python_manager.cpp->PythonManager::Death:637]	Death()
2023/04/26 17:47:25 427416	INFO [python_manager.cpp->PythonManager::Death:637]	Death()
2023/04/26 18:14:39 846187	INFO [python_manager.cpp->PythonManager::Death:637]	Death()
2023/04/26 18:41:59 141225	INFO [python_manager.cpp->PythonManager::Death:637]	Death()
2023/04/26 18:42:46 157071	INFO [python_manager.cpp->PythonManager::ProcessRTMapsAction:210]	Exiting now! All went well.
