		g3log created log at: Fri Mar 10 16:43:58 2023
		LOG format: [YYYY/MM/DD hh:mm:ss uuu* LEVEL FILE->FUNCTION:LINE] messagen
		(uuu*: microseconds fractions of the seconds value)

2023/03/10 16:43:58 875153	INFO [python_manager.cpp->PythonManager::InitializePython:127]	Initializing Python ... 
2023/03/10 16:43:58 894064	INFO [python_manager.cpp->PythonManager::InitializePython:129]	Initializing Python DONE... 
2023/03/10 16:43:58 894073	INFO [python_manager.cpp->PythonManager::InitNumpy:172]	Init numpy... 
2023/03/10 16:43:59 003131	INFO [python_manager.cpp->PythonManager::InitNumpy:174]	Init numpy DONE... 
2023/03/10 16:44:52 199929	INFO [python_manager.cpp->PythonManager::Death:637]	Death()
2023/03/10 16:45:29 996144	INFO [python_manager.cpp->PythonManager::Death:637]	Death()
2023/03/10 16:46:59 442351	INFO [python_manager.cpp->PythonManager::Death:637]	Death()
2023/03/10 16:49:22 890523	INFO [python_manager.cpp->PythonManager::Death:637]	Death()
2023/03/10 16:50:07 181326	INFO [python_manager.cpp->PythonManager::Death:637]	Death()
2023/03/10 16:51:04 247934	INFO [python_manager.cpp->PythonManager::Death:637]	Death()
2023/03/10 16:57:07 137297	INFO [python_manager.cpp->PythonManager::Death:637]	Death()
2023/03/10 16:57:18 056168	INFO [python_manager.cpp->PythonManager::Death:637]	Death()
2023/03/10 16:57:59 745994	INFO [python_manager.cpp->PythonManager::Death:637]	Death()
2023/03/10 17:00:27 816080	INFO [python_manager.cpp->PythonManager::Death:637]	Death()
2023/03/10 17:01:15 292762	INFO [python_manager.cpp->PythonManager::Death:637]	Death()
2023/03/10 17:03:59 284124	INFO [python_manager.cpp->PythonManager::Death:637]	Death()
2023/03/10 17:05:01 086564	INFO [python_manager.cpp->PythonManager::Death:637]	Death()
2023/03/10 17:05:21 841907	INFO [python_manager.cpp->PythonManager::Death:637]	Death()
2023/03/10 17:07:08 836229	INFO [python_manager.cpp->PythonManager::Death:637]	Death()
2023/03/10 17:07:33 017368	INFO [python_manager.cpp->PythonManager::Death:637]	Death()
2023/03/10 17:07:51 079606	INFO [python_manager.cpp->PythonManager::Death:637]	Death()
2023/03/10 17:09:01 582076	INFO [python_manager.cpp->PythonManager::Death:637]	Death()
2023/03/10 17:12:16 113594	INFO [python_manager.cpp->PythonManager::Death:637]	Death()
2023/03/10 17:13:43 684765	INFO [python_manager.cpp->PythonManager::Death:637]	Death()
2023/03/10 17:15:05 846668	INFO [python_manager.cpp->PythonManager::Death:637]	Death()
2023/03/10 17:16:20 219332	INFO [python_manager.cpp->PythonManager::Death:637]	Death()
2023/03/10 17:19:08 419618	INFO [python_manager.cpp->PythonManager::Death:637]	Death()
2023/03/10 17:21:04 022640	INFO [python_manager.cpp->PythonManager::Death:637]	Death()
2023/03/10 17:21:35 429983	INFO [python_manager.cpp->PythonManager::Death:637]	Death()
2023/03/10 17:22:47 793848	INFO [python_manager.cpp->PythonManager::Death:637]	Death()
2023/03/10 17:24:19 340632	INFO [python_manager.cpp->PythonManager::Death:637]	Death()
2023/03/10 17:24:47 832908	INFO [python_manager.cpp->PythonManager::Death:637]	Death()
2023/03/10 17:25:38 615730	INFO [python_manager.cpp->PythonManager::Death:637]	Death()
2023/03/10 17:26:25 621303	INFO [python_manager.cpp->PythonManager::Death:637]	Death()
2023/03/10 17:27:09 534895	INFO [python_manager.cpp->PythonManager::Death:637]	Death()
2023/03/10 17:27:54 486748	INFO [python_manager.cpp->PythonManager::Death:637]	Death()
2023/03/10 17:28:24 823812	INFO [python_manager.cpp->PythonManager::Death:637]	Death()
2023/03/10 17:29:03 857777	INFO [python_manager.cpp->PythonManager::Death:637]	Death()
2023/03/10 17:29:40 524442	INFO [python_manager.cpp->PythonManager::Death:637]	Death()
2023/03/10 17:30:06 401707	INFO [python_manager.cpp->PythonManager::Death:637]	Death()
2023/03/10 17:30:46 723129	INFO [python_manager.cpp->PythonManager::Death:637]	Death()
2023/03/10 17:31:48 207927	INFO [python_manager.cpp->PythonManager::Death:637]	Death()
2023/03/10 17:32:33 099326	INFO [python_manager.cpp->PythonManager::Death:637]	Death()
2023/03/10 17:33:10 818216	INFO [python_manager.cpp->PythonManager::Death:637]	Death()
2023/03/10 17:33:44 224332	INFO [python_manager.cpp->PythonManager::Death:637]	Death()
2023/03/10 17:34:15 994577	INFO [python_manager.cpp->PythonManager::Death:637]	Death()
2023/03/10 17:37:00 534914	INFO [python_manager.cpp->PythonManager::Death:637]	Death()
2023/03/10 17:38:31 558830	INFO [python_manager.cpp->PythonManager::Death:637]	Death()
2023/03/10 17:51:49 062385	INFO [python_manager.cpp->PythonManager::ProcessRTMapsAction:210]	Exiting now! All went well.
