		g3log created log at: Fri Apr 07 11:56:25 2023
		LOG format: [YYYY/MM/DD hh:mm:ss uuu* LEVEL FILE->FUNCTION:LINE] messagen
		(uuu*: microseconds fractions of the seconds value)

2023/04/07 11:56:25 179627	INFO [python_manager.cpp->PythonManager::InitializePython:127]	Initializing Python ... 
2023/04/07 11:56:25 199696	INFO [python_manager.cpp->PythonManager::InitializePython:129]	Initializing Python DONE... 
2023/04/07 11:56:25 199704	INFO [python_manager.cpp->PythonManager::InitNumpy:172]	Init numpy... 
2023/04/07 11:56:25 329887	INFO [python_manager.cpp->PythonManager::InitNumpy:174]	Init numpy DONE... 
2023/04/07 11:59:13 678311	INFO [python_manager.cpp->PythonManager::Death:637]	Death()
2023/04/07 13:35:38 967885	INFO [python_manager.cpp->PythonManager::Death:637]	Death()
2023/04/07 13:38:19 015768	INFO [python_manager.cpp->PythonManager::Death:637]	Death()
2023/04/07 13:39:09 102236	INFO [python_manager.cpp->PythonManager::Death:637]	Death()
2023/04/07 13:39:59 540535	INFO [python_manager.cpp->PythonManager::Death:637]	Death()
2023/04/07 14:05:45 222405	INFO [python_manager.cpp->PythonManager::Death:637]	Death()
2023/04/07 14:11:34 620094	INFO [python_manager.cpp->PythonManager::Death:637]	Death()
2023/04/07 14:15:24 233945	INFO [python_manager.cpp->PythonManager::Death:637]	Death()
2023/04/07 14:20:55 040680	INFO [python_manager.cpp->PythonManager::Death:637]	Death()
2023/04/07 14:25:12 263115	INFO [python_manager.cpp->PythonManager::Death:637]	Death()
2023/04/07 14:31:03 697925	INFO [python_manager.cpp->PythonManager::Death:637]	Death()
2023/04/07 14:32:45 145189	INFO [python_manager.cpp->PythonManager::Death:637]	Death()
2023/04/07 14:38:26 365012	INFO [python_manager.cpp->PythonManager::Death:637]	Death()
2023/04/07 14:49:27 586015	INFO [python_manager.cpp->PythonManager::Death:637]	Death()
2023/04/07 14:56:50 313540	INFO [python_manager.cpp->PythonManager::ProcessRTMapsAction:210]	Exiting now! All went well.
