		g3log created log at: Thu Apr 06 10:56:12 2023
		LOG format: [YYYY/MM/DD hh:mm:ss uuu* LEVEL FILE->FUNCTION:LINE] messagen
		(uuu*: microseconds fractions of the seconds value)

2023/04/06 10:56:12 922568	INFO [python_manager.cpp->PythonManager::InitializePython:127]	Initializing Python ... 
2023/04/06 10:56:12 942302	INFO [python_manager.cpp->PythonManager::InitializePython:129]	Initializing Python DONE... 
2023/04/06 10:56:12 942310	INFO [python_manager.cpp->PythonManager::InitNumpy:172]	Init numpy... 
2023/04/06 10:56:13 064523	INFO [python_manager.cpp->PythonManager::InitNumpy:174]	Init numpy DONE... 
2023/04/06 10:57:20 309463	INFO [python_manager.cpp->PythonManager::Death:637]	Death()
2023/04/06 10:58:11 110790	INFO [python_manager.cpp->PythonManager::Death:637]	Death()
2023/04/06 10:58:11 925129	INFO [python_manager.cpp->PythonManager::Death:637]	Death()
2023/04/06 10:58:33 983933	INFO [python_manager.cpp->PythonManager::Death:637]	Death()
2023/04/06 11:01:23 256608	INFO [python_manager.cpp->PythonManager::Death:637]	Death()
2023/04/06 11:03:31 001142	INFO [python_manager.cpp->PythonManager::Death:637]	Death()
2023/04/06 11:04:41 769218	INFO [python_manager.cpp->PythonManager::Death:637]	Death()
2023/04/06 11:05:11 867751	INFO [python_manager.cpp->PythonManager::Death:637]	Death()
2023/04/06 11:06:08 755098	INFO [python_manager.cpp->PythonManager::Death:637]	Death()
2023/04/06 11:06:51 169063	INFO [python_manager.cpp->PythonManager::Death:637]	Death()
2023/04/06 11:08:35 940780	INFO [python_manager.cpp->PythonManager::Death:637]	Death()
2023/04/06 11:09:24 601855	INFO [python_manager.cpp->PythonManager::Death:637]	Death()
2023/04/06 11:09:43 984978	INFO [python_manager.cpp->PythonManager::Death:637]	Death()
2023/04/06 11:10:12 095819	INFO [python_manager.cpp->PythonManager::Death:637]	Death()
2023/04/06 11:10:23 894950	INFO [python_manager.cpp->PythonManager::Death:637]	Death()
2023/04/06 11:10:32 245076	INFO [python_manager.cpp->PythonManager::Death:637]	Death()
2023/04/06 11:10:56 581948	INFO [python_manager.cpp->PythonManager::Death:637]	Death()
2023/04/06 11:12:00 501124	INFO [python_manager.cpp->PythonManager::Death:637]	Death()
2023/04/06 11:13:06 967880	INFO [python_manager.cpp->PythonManager::Death:637]	Death()
