		g3log created log at: Mon Mar 06 14:03:54 2023
		LOG format: [YYYY/MM/DD hh:mm:ss uuu* LEVEL FILE->FUNCTION:LINE] messagen
		(uuu*: microseconds fractions of the seconds value)

2023/03/06 14:03:54 736248	INFO [python_manager.cpp->PythonManager::InitializePython:127]	Initializing Python ... 
2023/03/06 14:03:54 754314	INFO [python_manager.cpp->PythonManager::InitializePython:129]	Initializing Python DONE... 
2023/03/06 14:03:54 754322	INFO [python_manager.cpp->PythonManager::InitNumpy:172]	Init numpy... 
2023/03/06 14:03:54 865271	INFO [python_manager.cpp->PythonManager::InitNumpy:174]	Init numpy DONE... 
2023/03/06 14:05:06 262820	INFO [python_manager.cpp->PythonManager::Death:637]	Death()
2023/03/06 14:08:54 297465	INFO [python_manager.cpp->PythonManager::Death:637]	Death()
2023/03/06 14:09:33 559297	INFO [python_manager.cpp->PythonManager::Death:637]	Death()
2023/03/06 14:10:02 382455	INFO [python_manager.cpp->PythonManager::Death:637]	Death()
2023/03/06 14:10:44 258956	INFO [python_manager.cpp->PythonManager::Death:637]	Death()
2023/03/06 14:11:36 182959	INFO [python_manager.cpp->PythonManager::Death:637]	Death()
2023/03/06 14:12:05 035409	INFO [python_manager.cpp->PythonManager::Death:637]	Death()
2023/03/06 14:12:18 697081	INFO [python_manager.cpp->PythonManager::Death:637]	Death()
2023/03/06 14:12:41 275516	INFO [python_manager.cpp->PythonManager::Death:637]	Death()
2023/03/06 14:12:58 522062	INFO [python_manager.cpp->PythonManager::Death:637]	Death()
2023/03/06 14:16:20 988489	INFO [python_manager.cpp->PythonManager::Death:637]	Death()
2023/03/06 14:17:31 647975	INFO [python_manager.cpp->PythonManager::Death:637]	Death()
2023/03/06 14:18:04 008820	INFO [python_manager.cpp->PythonManager::Death:637]	Death()
2023/03/06 14:18:09 969114	INFO [python_manager.cpp->PythonManager::ProcessRTMapsAction:210]	Exiting now! All went well.
