		g3log created log at: Mon Mar 06 17:16:20 2023
		LOG format: [YYYY/MM/DD hh:mm:ss uuu* LEVEL FILE->FUNCTION:LINE] messagen
		(uuu*: microseconds fractions of the seconds value)

2023/03/06 17:16:20 239258	INFO [python_manager.cpp->PythonManager::InitializePython:127]	Initializing Python ... 
2023/03/06 17:16:20 257904	INFO [python_manager.cpp->PythonManager::InitializePython:129]	Initializing Python DONE... 
2023/03/06 17:16:20 257911	INFO [python_manager.cpp->PythonManager::InitNumpy:172]	Init numpy... 
2023/03/06 17:16:20 373343	INFO [python_manager.cpp->PythonManager::InitNumpy:174]	Init numpy DONE... 
2023/03/06 17:16:56 700619	INFO [python_manager.cpp->PythonManager::Death:637]	Death()
2023/03/06 17:17:56 606219	INFO [python_manager.cpp->PythonManager::Death:637]	Death()
2023/03/06 17:18:09 629121	INFO [python_manager.cpp->PythonManager::Death:637]	Death()
2023/03/06 17:18:53 768602	INFO [python_manager.cpp->PythonManager::Death:637]	Death()
2023/03/06 17:19:24 956166	INFO [python_manager.cpp->PythonManager::Death:637]	Death()
2023/03/06 17:19:49 050413	INFO [python_manager.cpp->PythonManager::Death:637]	Death()
2023/03/06 17:20:31 782964	INFO [python_manager.cpp->PythonManager::Death:637]	Death()
2023/03/06 17:23:00 559187	INFO [python_manager.cpp->PythonManager::Death:637]	Death()
2023/03/06 17:33:46 387939	INFO [python_manager.cpp->PythonManager::Death:637]	Death()
2023/03/06 17:35:17 142896	INFO [python_manager.cpp->PythonManager::Death:637]	Death()
2023/03/06 17:56:54 411738	INFO [python_manager.cpp->PythonManager::Death:637]	Death()
2023/03/06 17:57:30 880536	INFO [python_manager.cpp->PythonManager::Death:637]	Death()
2023/03/06 17:58:03 778385	INFO [python_manager.cpp->PythonManager::ProcessRTMapsAction:210]	Exiting now! All went well.
