		g3log created log at: Thu Apr 06 12:14:12 2023
		LOG format: [YYYY/MM/DD hh:mm:ss uuu* LEVEL FILE->FUNCTION:LINE] messagen
		(uuu*: microseconds fractions of the seconds value)

2023/04/06 12:14:12 087124	INFO [python_manager.cpp->PythonManager::InitializePython:127]	Initializing Python ... 
2023/04/06 12:14:12 105968	INFO [python_manager.cpp->PythonManager::InitializePython:129]	Initializing Python DONE... 
2023/04/06 12:14:12 105976	INFO [python_manager.cpp->PythonManager::InitNumpy:172]	Init numpy... 
2023/04/06 12:14:12 219815	INFO [python_manager.cpp->PythonManager::InitNumpy:174]	Init numpy DONE... 
2023/04/06 12:15:01 905762	INFO [python_manager.cpp->PythonManager::Death:637]	Death()
2023/04/06 12:15:26 230564	INFO [python_manager.cpp->PythonManager::Death:637]	Death()
2023/04/06 12:16:56 895640	INFO [python_manager.cpp->PythonManager::Death:637]	Death()
2023/04/06 12:19:46 789424	INFO [python_manager.cpp->PythonManager::Death:637]	Death()
2023/04/06 12:20:03 049379	INFO [python_manager.cpp->PythonManager::Death:637]	Death()
2023/04/06 12:22:48 461673	INFO [python_manager.cpp->PythonManager::Death:637]	Death()
2023/04/06 12:25:24 374021	INFO [python_manager.cpp->PythonManager::Death:637]	Death()
2023/04/06 12:26:03 806310	INFO [python_manager.cpp->PythonManager::Death:637]	Death()
2023/04/06 12:27:24 863750	INFO [python_manager.cpp->PythonManager::Death:637]	Death()
2023/04/06 12:27:38 922389	INFO [python_manager.cpp->PythonManager::Death:637]	Death()
2023/04/06 12:35:12 677665	INFO [python_manager.cpp->PythonManager::Death:637]	Death()
2023/04/06 13:44:22 460389	INFO [python_manager.cpp->PythonManager::Death:637]	Death()
2023/04/06 13:44:50 378517	INFO [python_manager.cpp->PythonManager::Death:637]	Death()
2023/04/06 13:46:41 668468	INFO [python_manager.cpp->PythonManager::Death:637]	Death()
2023/04/06 13:48:25 890148	INFO [python_manager.cpp->PythonManager::ProcessRTMapsAction:210]	Exiting now! All went well.
