		g3log created log at: Thu Apr 06 13:49:29 2023
		LOG format: [YYYY/MM/DD hh:mm:ss uuu* LEVEL FILE->FUNCTION:LINE] messagen
		(uuu*: microseconds fractions of the seconds value)

2023/04/06 13:49:29 062964	INFO [python_manager.cpp->PythonManager::InitializePython:127]	Initializing Python ... 
2023/04/06 13:49:29 081706	INFO [python_manager.cpp->PythonManager::InitializePython:129]	Initializing Python DONE... 
2023/04/06 13:49:29 081714	INFO [python_manager.cpp->PythonManager::InitNumpy:172]	Init numpy... 
2023/04/06 13:49:29 192734	INFO [python_manager.cpp->PythonManager::InitNumpy:174]	Init numpy DONE... 
2023/04/06 13:50:28 082947	INFO [python_manager.cpp->PythonManager::Death:637]	Death()
2023/04/06 13:51:17 514421	INFO [python_manager.cpp->PythonManager::Death:637]	Death()
2023/04/06 13:51:43 360250	INFO [python_manager.cpp->PythonManager::Death:637]	Death()
2023/04/06 13:53:18 567543	INFO [python_manager.cpp->PythonManager::Death:637]	Death()
2023/04/06 13:55:29 923561	INFO [python_manager.cpp->PythonManager::Death:637]	Death()
2023/04/06 13:59:21 135521	INFO [python_manager.cpp->PythonManager::Death:637]	Death()
2023/04/06 14:00:40 237943	INFO [python_manager.cpp->PythonManager::Death:637]	Death()
2023/04/06 14:03:59 449752	INFO [python_manager.cpp->PythonManager::Death:637]	Death()
2023/04/06 14:05:35 957387	INFO [python_manager.cpp->PythonManager::Death:637]	Death()
2023/04/06 14:09:09 949242	INFO [python_manager.cpp->PythonManager::Death:637]	Death()
2023/04/06 14:10:37 210943	INFO [python_manager.cpp->PythonManager::Death:637]	Death()
2023/04/06 14:11:11 795961	INFO [python_manager.cpp->PythonManager::Death:637]	Death()
2023/04/06 14:11:40 879393	INFO [python_manager.cpp->PythonManager::Death:637]	Death()
2023/04/06 14:12:39 005796	INFO [python_manager.cpp->PythonManager::Death:637]	Death()
2023/04/06 14:14:28 144634	INFO [python_manager.cpp->PythonManager::Death:637]	Death()
2023/04/06 14:15:14 528659	INFO [python_manager.cpp->PythonManager::Death:637]	Death()
2023/04/06 14:19:03 791252	INFO [python_manager.cpp->PythonManager::Death:637]	Death()
2023/04/06 14:19:59 063045	INFO [python_manager.cpp->PythonManager::Death:637]	Death()
2023/04/06 14:25:31 634334	INFO [python_manager.cpp->PythonManager::Death:637]	Death()
2023/04/06 14:26:41 561365	INFO [python_manager.cpp->PythonManager::Death:637]	Death()
2023/04/06 14:28:00 932572	INFO [python_manager.cpp->PythonManager::Death:637]	Death()
2023/04/06 14:41:17 558428	INFO [python_manager.cpp->PythonManager::Death:637]	Death()
2023/04/06 14:42:18 582258	INFO [python_manager.cpp->PythonManager::Death:637]	Death()
2023/04/06 14:44:37 099067	INFO [python_manager.cpp->PythonManager::Death:637]	Death()
2023/04/06 14:50:18 326269	INFO [python_manager.cpp->PythonManager::Death:637]	Death()
2023/04/06 14:55:44 495682	INFO [python_manager.cpp->PythonManager::Death:637]	Death()
2023/04/06 15:06:15 426121	INFO [python_manager.cpp->PythonManager::Death:637]	Death()
2023/04/06 15:08:51 855425	INFO [python_manager.cpp->PythonManager::Death:637]	Death()
2023/04/06 15:19:53 108418	INFO [python_manager.cpp->PythonManager::Death:637]	Death()
2023/04/06 15:22:25 218785	INFO [python_manager.cpp->PythonManager::Death:637]	Death()
2023/04/06 15:38:01 905669	INFO [python_manager.cpp->PythonManager::Death:637]	Death()
2023/04/06 15:48:48 398147	INFO [python_manager.cpp->PythonManager::Death:637]	Death()
2023/04/06 15:51:17 781969	INFO [python_manager.cpp->PythonManager::Death:637]	Death()
2023/04/06 15:53:04 877598	INFO [python_manager.cpp->PythonManager::Death:637]	Death()
2023/04/06 15:53:35 622663	INFO [python_manager.cpp->PythonManager::ProcessRTMapsAction:210]	Exiting now! All went well.
