		g3log created log at: Thu Apr 06 10:05:35 2023
		LOG format: [YYYY/MM/DD hh:mm:ss uuu* LEVEL FILE->FUNCTION:LINE] messagen
		(uuu*: microseconds fractions of the seconds value)

2023/04/06 10:05:35 753010	INFO [python_manager.cpp->PythonManager::InitializePython:127]	Initializing Python ... 
2023/04/06 10:05:35 772179	INFO [python_manager.cpp->PythonManager::InitializePython:129]	Initializing Python DONE... 
2023/04/06 10:05:35 772195	INFO [python_manager.cpp->PythonManager::InitNumpy:172]	Init numpy... 
2023/04/06 10:05:35 882425	INFO [python_manager.cpp->PythonManager::InitNumpy:174]	Init numpy DONE... 
2023/04/06 10:05:56 797553	INFO [python_manager.cpp->PythonManager::Death:637]	Death()
2023/04/06 10:07:21 371468	INFO [python_manager.cpp->PythonManager::Death:637]	Death()
2023/04/06 10:09:28 077079	INFO [python_manager.cpp->PythonManager::Death:637]	Death()
2023/04/06 10:10:27 321291	INFO [python_manager.cpp->PythonManager::Death:637]	Death()
2023/04/06 10:10:37 579243	INFO [python_manager.cpp->PythonManager::Death:637]	Death()
2023/04/06 10:13:32 515490	INFO [python_manager.cpp->PythonManager::Death:637]	Death()
2023/04/06 10:16:53 760997	INFO [python_manager.cpp->PythonManager::Death:637]	Death()
2023/04/06 10:17:19 604617	INFO [python_manager.cpp->PythonManager::Death:637]	Death()
2023/04/06 10:17:46 071073	INFO [python_manager.cpp->PythonManager::Death:637]	Death()
2023/04/06 10:18:39 624623	INFO [python_manager.cpp->PythonManager::Death:637]	Death()
2023/04/06 10:19:09 113651	INFO [python_manager.cpp->PythonManager::Death:637]	Death()
2023/04/06 10:19:31 454270	INFO [python_manager.cpp->PythonManager::Death:637]	Death()
2023/04/06 10:20:42 641500	INFO [python_manager.cpp->PythonManager::Death:637]	Death()
2023/04/06 10:22:42 898533	INFO [python_manager.cpp->PythonManager::Death:637]	Death()
2023/04/06 10:23:56 460522	INFO [python_manager.cpp->PythonManager::Death:637]	Death()
2023/04/06 10:28:09 052125	INFO [python_manager.cpp->PythonManager::Death:637]	Death()
2023/04/06 10:28:31 421614	INFO [python_manager.cpp->PythonManager::Death:637]	Death()
2023/04/06 10:29:20 944154	INFO [python_manager.cpp->PythonManager::Death:637]	Death()
2023/04/06 10:30:05 061150	INFO [python_manager.cpp->PythonManager::Death:637]	Death()
2023/04/06 10:30:12 590590	INFO [python_manager.cpp->PythonManager::Death:637]	Death()
2023/04/06 10:31:07 455376	INFO [python_manager.cpp->PythonManager::Death:637]	Death()
2023/04/06 10:31:58 047767	INFO [python_manager.cpp->PythonManager::Death:637]	Death()
2023/04/06 10:32:19 569152	INFO [python_manager.cpp->PythonManager::Death:637]	Death()
2023/04/06 10:33:36 837702	INFO [python_manager.cpp->PythonManager::Death:637]	Death()
2023/04/06 10:35:06 045522	INFO [python_manager.cpp->PythonManager::Death:637]	Death()
2023/04/06 10:35:57 931161	INFO [python_manager.cpp->PythonManager::Death:637]	Death()
2023/04/06 10:37:16 749551	INFO [python_manager.cpp->PythonManager::Death:637]	Death()
2023/04/06 10:37:43 342651	INFO [python_manager.cpp->PythonManager::Death:637]	Death()
2023/04/06 10:38:09 123838	INFO [python_manager.cpp->PythonManager::Death:637]	Death()
2023/04/06 10:38:23 686727	INFO [python_manager.cpp->PythonManager::Death:637]	Death()
2023/04/06 10:43:42 831936	INFO [python_manager.cpp->PythonManager::Death:637]	Death()
2023/04/06 10:43:50 918985	INFO [python_manager.cpp->PythonManager::Death:637]	Death()
2023/04/06 10:44:22 196795	INFO [python_manager.cpp->PythonManager::Death:637]	Death()
2023/04/06 10:44:35 629907	INFO [python_manager.cpp->PythonManager::Death:637]	Death()
2023/04/06 10:45:34 848721	INFO [python_manager.cpp->PythonManager::Death:637]	Death()
2023/04/06 10:47:37 486575	INFO [python_manager.cpp->PythonManager::Death:637]	Death()
2023/04/06 10:48:04 194885	INFO [python_manager.cpp->PythonManager::Death:637]	Death()
2023/04/06 10:48:46 336190	INFO [python_manager.cpp->PythonManager::Death:637]	Death()
2023/04/06 10:49:24 839883	INFO [python_manager.cpp->PythonManager::Death:637]	Death()
2023/04/06 10:49:38 272473	INFO [python_manager.cpp->PythonManager::Death:637]	Death()
